<?xml version="1.0" encoding="utf-8"?>
<TestRun id="68a559b4-be0f-4ba7-97c2-0046f0e856a5" name="WangKaiYe@LAPTOP-6SQRG9K5 2026-07-10 11:25:12" runUser="LAPTOP-6SQRG9K5\WangKaiYe" xmlns="http://microsoft.com/schemas/VisualStudio/TeamTest/2010">
  <Times creation="2026-07-10T11:25:12.8558897+08:00" queuing="2026-07-10T11:25:12.8558901+08:00" start="2026-07-10T11:25:12.3099892+08:00" finish="2026-07-10T11:25:13.1871684+08:00" />
  <TestSettings name="default" id="78dee436-ecc8-4fb0-80c4-df9d614c0a7a">
    <Deployment runDeploymentRoot="WangKaiYe_LAPTOP-6SQRG9K5_2026-07-10_11_25_12" />
  </TestSettings>
  <Results>
    <UnitTestResult executionId="7c42cae5-282f-491f-a6c4-07359acb7988" testId="de4acdbb-d58d-dd5b-ab83-b9a3e1372794" testName="StudentManager.Tests.Controllers.CoursesControllerTests.DeleteConfirmed_删除课程并重定向" computerName="LAPTOP-6SQRG9K5" duration="00:00:00.0098412" startTime="2026-07-10T11:25:13.0932591+08:00" endTime="2026-07-10T11:25:13.0932592+08:00" testType="13cdc9d9-ddb5-4fa4-a97d-d965ccfc6d4b" outcome="Passed" testListId="8c84fa94-04c1-424b-9868-57a2d4851a1d" relativeResultsDirectory="7c42cae5-282f-491f-a6c4-07359acb7988" />
    <UnitTestResult executionId="ed7361c7-732e-4829-8d61-9551cc7b4ed6" testId="63511635-1fe5-7575-4e6a-352d3fb489b6" testName="StudentManager.Tests.Controllers.HomeControllerTests.Index_返回默认视图" computerName="LAPTOP-6SQRG9K5" duration="00:00:00.0001434" startTime="2026-07-10T11:25:12.7801896+08:00" endTime="2026-07-10T11:25:12.7801896+08:00" testType="13cdc9d9-ddb5-4fa4-a97d-d965ccfc6d4b" outcome="Passed" testListId="8c84fa94-04c1-424b-9868-57a2d4851a1d" relativeResultsDirectory="ed7361c7-732e-4829-8d61-9551cc7b4ed6" />
    <UnitTestResult executionId="044b9c0b-38ae-4a84-be33-c193879b21fe" testId="16edddb2-96ca-800f-b964-e1a7a07644fb" testName="StudentManager.Tests.Controllers.ScoresControllerTests.Edit_GET_非Admin返回401" computerName="LAPTOP-6SQRG9K5" duration="00:00:00.0003535" startTime="2026-07-10T11:25:13.1389629+08:00" endTime="2026-07-10T11:25:13.1389629+08:00" testType="13cdc9d9-ddb5-4fa4-a97d-d965ccfc6d4b" outcome="Passed" testListId="8c84fa94-04c1-424b-9868-57a2d4851a1d" relativeResultsDirectory="044b9c0b-38ae-4a84-be33-c193879b21fe" />
    <UnitTestResult executionId="41ead67e-a7e1-422c-9363-2860a47047fe" testId="e9b171e0-4606-8991-19ae-87c159045b47" testName="StudentManager.Tests.Controllers.StudentsControllerTests.Create_GET_Admin返回视图" computerName="LAPTOP-6SQRG9K5" duration="00:00:00.0001728" startTime="2026-07-10T11:25:13.0935124+08:00" endTime="2026-07-10T11:25:13.0935125+08:00" testType="13cdc9d9-ddb5-4fa4-a97d-d965ccfc6d4b" outcome="Passed" testListId="8c84fa94-04c1-424b-9868-57a2d4851a1d" relativeResultsDirectory="41ead67e-a7e1-422c-9363-2860a47047fe" />
    <UnitTestResult executionId="d5a72710-9401-4283-8340-fa435ef556f9" testId="64ae3802-b4d7-cab8-f203-be5a895c8b3c" testName="StudentManager.Tests.Controllers.ScoresControllerTests.Edit_GET_Admin返回编辑视图" computerName="LAPTOP-6SQRG9K5" duration="00:00:00.0025788" startTime="2026-07-10T11:25:13.1377377+08:00" endTime="2026-07-10T11:25:13.1377378+08:00" testType="13cdc9d9-ddb5-4fa4-a97d-d965ccfc6d4b" outcome="Passed" testListId="8c84fa94-04c1-424b-9868-57a2d4851a1d" relativeResultsDirectory="d5a72710-9401-4283-8340-fa435ef556f9" />
    <UnitTestResult executionId="fc06d6f8-f854-482b-aba6-8cd72b534be2" testId="851b435d-7e77-484d-fe7b-5bfd45879188" testName="StudentManager.Tests.Controllers.CoursesControllerTests.Create_GET_非Admin返回401" computerName="LAPTOP-6SQRG9K5" duration="00:00:00.0001919" startTime="2026-07-10T11:25:13.1084822+08:00" endTime="2026-07-10T11:25:13.1084823+08:00" testType="13cdc9d9-ddb5-4fa4-a97d-d965ccfc6d4b" outcome="Passed" testListId="8c84fa94-04c1-424b-9868-57a2d4851a1d" relativeResultsDirectory="fc06d6f8-f854-482b-aba6-8cd72b534be2" />
    <UnitTestResult executionId="ad845fed-050d-4ab9-a9f5-78b7ec98bef5" testId="6f2e390b-4364-1387-239e-bd663899a09d" testName="StudentManager.Tests.Controllers.ScoresControllerTests.Edit_GET_不存在返回404" computerName="LAPTOP-6SQRG9K5" duration="00:00:00.3201706" startTime="2026-07-10T11:25:13.0612701+08:00" endTime="2026-07-10T11:25:13.0612702+08:00" testType="13cdc9d9-ddb5-4fa4-a97d-d965ccfc6d4b" outcome="Passed" testListId="8c84fa94-04c1-424b-9868-57a2d4851a1d" relativeResultsDirectory="ad845fed-050d-4ab9-a9f5-78b7ec98bef5" />
    <UnitTestResult executionId="cc98f0f8-1bbc-4cf1-a231-f5e51fa91140" testId="b91f7451-889e-0492-5396-9511dfa84860" testName="StudentManager.Tests.Controllers.CoursesControllerTests.Index_返回课程列表" computerName="LAPTOP-6SQRG9K5" duration="00:00:00.0116341" startTime="2026-07-10T11:25:13.1082483+08:00" endTime="2026-07-10T11:25:13.1082484+08:00" testType="13cdc9d9-ddb5-4fa4-a97d-d965ccfc6d4b" outcome="Passed" testListId="8c84fa94-04c1-424b-9868-57a2d4851a1d" relativeResultsDirectory="cc98f0f8-1bbc-4cf1-a231-f5e51fa91140" />
    <UnitTestResult executionId="9649e17b-9d38-492b-bf66-5e33676242d9" testId="519fc266-00d3-c5f8-3cef-94127849bdec" testName="StudentManager.Tests.Controllers.ScoresControllerTests.Create_POST_无效数据_返回视图含错误" computerName="LAPTOP-6SQRG9K5" duration="00:00:00.0535751" startTime="2026-07-10T11:25:13.1149113+08:00" endTime="2026-07-10T11:25:13.1149114+08:00" testType="13cdc9d9-ddb5-4fa4-a97d-d965ccfc6d4b" outcome="Passed" testListId="8c84fa94-04c1-424b-9868-57a2d4851a1d" relativeResultsDirectory="9649e17b-9d38-492b-bf66-5e33676242d9" />
    <UnitTestResult executionId="93985b46-55a0-4532-9ba8-e3b0b1c9fa98" testId="dc2734ca-e726-635c-d711-58e3ef10c995" testName="StudentManager.Tests.Controllers.StudentsControllerTests.Index_按学号搜索返回过滤结果" computerName="LAPTOP-6SQRG9K5" duration="00:00:00.3244662" startTime="2026-07-10T11:25:13.0661579+08:00" endTime="2026-07-10T11:25:13.0661579+08:00" testType="13cdc9d9-ddb5-4fa4-a97d-d965ccfc6d4b" outcome="Passed" testListId="8c84fa94-04c1-424b-9868-57a2d4851a1d" relativeResultsDirectory="93985b46-55a0-4532-9ba8-e3b0b1c9fa98" />
    <UnitTestResult executionId="31b9b866-866d-46b6-bbb0-1c5e210f4ed2" testId="97cf19ba-0caa-a989-531d-da239cda6a37" testName="StudentManager.Tests.Controllers.CoursesControllerTests.Edit_GET_Admin返回课程视图" computerName="LAPTOP-6SQRG9K5" duration="00:00:00.3187642" startTime="2026-07-10T11:25:13.0599533+08:00" endTime="2026-07-10T11:25:13.0599534+08:00" testType="13cdc9d9-ddb5-4fa4-a97d-d965ccfc6d4b" outcome="Passed" testListId="8c84fa94-04c1-424b-9868-57a2d4851a1d" relativeResultsDirectory="31b9b866-866d-46b6-bbb0-1c5e210f4ed2" />
    <UnitTestResult executionId="de214175-3ad9-4903-954c-9a15faf809d4" testId="ba242bcd-d512-9ea4-149a-64b099a8e200" testName="StudentManager.Tests.Controllers.UsersControllerTests.Delete_GET_非Admin返回401" computerName="LAPTOP-6SQRG9K5" duration="00:00:00.0005651" startTime="2026-07-10T11:25:13.0812471+08:00" endTime="2026-07-10T11:25:13.0812472+08:00" testType="13cdc9d9-ddb5-4fa4-a97d-d965ccfc6d4b" outcome="Passed" testListId="8c84fa94-04c1-424b-9868-57a2d4851a1d" relativeResultsDirectory="de214175-3ad9-4903-954c-9a15faf809d4" />
    <UnitTestResult executionId="c4cc172b-6397-4b9a-a175-8dd7ca7f47bc" testId="d8e29201-52cd-87a7-8e72-4c2f2a96546a" testName="StudentManager.Tests.Controllers.UsersControllerTests.Edit_GET_Admin返回用户视图" computerName="LAPTOP-6SQRG9K5" duration="00:00:00.0159563" startTime="2026-07-10T11:25:13.0805737+08:00" endTime="2026-07-10T11:25:13.0805739+08:00" testType="13cdc9d9-ddb5-4fa4-a97d-d965ccfc6d4b" outcome="Passed" testListId="8c84fa94-04c1-424b-9868-57a2d4851a1d" relativeResultsDirectory="c4cc172b-6397-4b9a-a175-8dd7ca7f47bc" />
    <UnitTestResult executionId="9a780ec8-727d-47f9-9f00-8316aa7bc256" testId="d33155ee-09c3-1507-6258-4b4d6ddcfb88" testName="StudentManager.Tests.Controllers.StudentsControllerTests.Edit_POST_Admin更新学生并重定向" computerName="LAPTOP-6SQRG9K5" duration="00:00:00.0021932" startTime="2026-07-10T11:25:13.0885745+08:00" endTime="2026-07-10T11:25:13.0885746+08:00" testType="13cdc9d9-ddb5-4fa4-a97d-d965ccfc6d4b" outcome="Passed" testListId="8c84fa94-04c1-424b-9868-57a2d4851a1d" relativeResultsDirectory="9a780ec8-727d-47f9-9f00-8316aa7bc256" />
    <UnitTestResult executionId="40ebae4b-6848-4e26-be49-d6c1bb2eb003" testId="f3ae9093-d485-ed1d-080e-8f4cf083ded4" testName="StudentManager.Tests.Controllers.StudentsControllerTests.Edit_GET_Admin返回学生视图" computerName="LAPTOP-6SQRG9K5" duration="00:00:00.0009440" startTime="2026-07-10T11:25:13.0944461+08:00" endTime="2026-07-10T11:25:13.0944462+08:00" testType="13cdc9d9-ddb5-4fa4-a97d-d965ccfc6d4b" outcome="Passed" testListId="8c84fa94-04c1-424b-9868-57a2d4851a1d" relativeResultsDirectory="40ebae4b-6848-4e26-be49-d6c1bb2eb003" />
    <UnitTestResult executionId="805a9688-43cd-4b96-b461-fc4d3f8a6de7" testId="4415d877-1a97-0fdb-0330-2192c1361659" testName="StudentManager.Tests.Controllers.CoursesControllerTests.Create_GET_Admin返回视图" computerName="LAPTOP-6SQRG9K5" duration="00:00:00.0002395" startTime="2026-07-10T11:25:13.0833618+08:00" endTime="2026-07-10T11:25:13.0833619+08:00" testType="13cdc9d9-ddb5-4fa4-a97d-d965ccfc6d4b" outcome="Passed" testListId="8c84fa94-04c1-424b-9868-57a2d4851a1d" relativeResultsDirectory="805a9688-43cd-4b96-b461-fc4d3f8a6de7" />
    <UnitTestResult executionId="367d237f-5607-4834-a71b-ac918c0d8c32" testId="36fd0824-bce8-42b1-3f21-a6a96c189634" testName="StudentManager.Tests.Controllers.UsersControllerTests.DeleteConfirmed_删除用户并重定向" computerName="LAPTOP-6SQRG9K5" duration="00:00:00.0020133" startTime="2026-07-10T11:25:13.0932907+08:00" endTime="2026-07-10T11:25:13.0932907+08:00" testType="13cdc9d9-ddb5-4fa4-a97d-d965ccfc6d4b" outcome="Passed" testListId="8c84fa94-04c1-424b-9868-57a2d4851a1d" relativeResultsDirectory="367d237f-5607-4834-a71b-ac918c0d8c32" />
    <UnitTestResult executionId="f193456c-2c81-47a1-8eda-6ae5f5a424f1" testId="54f9b6a2-b690-20d7-e661-d0ad4aea117b" testName="StudentManager.Tests.Controllers.CoursesControllerTests.Create_POST_非Admin返回401" computerName="LAPTOP-6SQRG9K5" duration="00:00:00.0001339" startTime="2026-07-10T11:25:13.0962783+08:00" endTime="2026-07-10T11:25:13.0962783+08:00" testType="13cdc9d9-ddb5-4fa4-a97d-d965ccfc6d4b" outcome="Passed" testListId="8c84fa94-04c1-424b-9868-57a2d4851a1d" relativeResultsDirectory="f193456c-2c81-47a1-8eda-6ae5f5a424f1" />
    <UnitTestResult executionId="638a3644-a5ba-4af1-b822-5f406597f7c1" testId="9b1a3dfc-424a-b9f5-7404-31e6226d6f19" testName="StudentManager.Tests.Controllers.HomeControllerTests.Error_返回ErrorViewModel" computerName="LAPTOP-6SQRG9K5" duration="00:00:00.0031003" startTime="2026-07-10T11:25:12.7799938+08:00" endTime="2026-07-10T11:25:12.7799939+08:00" testType="13cdc9d9-ddb5-4fa4-a97d-d965ccfc6d4b" outcome="Passed" testListId="8c84fa94-04c1-424b-9868-57a2d4851a1d" relativeResultsDirectory="638a3644-a5ba-4af1-b822-5f406597f7c1" />
    <UnitTestResult executionId="e145e691-7d8a-4e84-9f75-01c30297f369" testId="40ea5336-50af-8d72-f71c-ef069be6ae54" testName="StudentManager.Tests.Controllers.AccountControllerTests.Logout_清除Session并重定向到登录" computerName="LAPTOP-6SQRG9K5" duration="00:00:00.0019539" startTime="2026-07-10T11:25:12.8190121+08:00" endTime="2026-07-10T11:25:12.8190123+08:00" testType="13cdc9d9-ddb5-4fa4-a97d-d965ccfc6d4b" outcome="Passed" testListId="8c84fa94-04c1-424b-9868-57a2d4851a1d" relativeResultsDirectory="e145e691-7d8a-4e84-9f75-01c30297f369" />
    <UnitTestResult executionId="cd9c9a45-8513-4fc5-9b45-609c792861e6" testId="9bc23d6b-3ad0-45f4-bbcc-29c29d52865a" testName="StudentManager.Tests.Controllers.AccountControllerTests.MyScores_未登录_重定向到登录" computerName="LAPTOP-6SQRG9K5" duration="00:00:00.0001416" startTime="2026-07-10T11:25:13.1363031+08:00" endTime="2026-07-10T11:25:13.1363031+08:00" testType="13cdc9d9-ddb5-4fa4-a97d-d965ccfc6d4b" outcome="Passed" testListId="8c84fa94-04c1-424b-9868-57a2d4851a1d" relativeResultsDirectory="cd9c9a45-8513-4fc5-9b45-609c792861e6" />
    <UnitTestResult executionId="1b4f6fa7-6a8a-413f-b8ae-803b3cc56dc5" testId="90fc8a96-b9bb-044a-47b1-c5735434cf51" testName="StudentManager.Tests.Controllers.StudentsControllerTests.Delete_GET_Admin返回确认视图" computerName="LAPTOP-6SQRG9K5" duration="00:00:00.0004432" startTime="2026-07-10T11:25:13.0977520+08:00" endTime="2026-07-10T11:25:13.0977521+08:00" testType="13cdc9d9-ddb5-4fa4-a97d-d965ccfc6d4b" outcome="Passed" testListId="8c84fa94-04c1-424b-9868-57a2d4851a1d" relativeResultsDirectory="1b4f6fa7-6a8a-413f-b8ae-803b3cc56dc5" />
    <UnitTestResult executionId="affc2ea6-196b-4986-b946-236208686720" testId="cd364b16-d183-d920-af22-1f034c55745a" testName="StudentManager.Tests.Controllers.CoursesControllerTests.Edit_GET_不存在返回404" computerName="LAPTOP-6SQRG9K5" duration="00:00:00.0231205" startTime="2026-07-10T11:25:13.0830465+08:00" endTime="2026-07-10T11:25:13.0830466+08:00" testType="13cdc9d9-ddb5-4fa4-a97d-d965ccfc6d4b" outcome="Passed" testListId="8c84fa94-04c1-424b-9868-57a2d4851a1d" relativeResultsDirectory="affc2ea6-196b-4986-b946-236208686720" />
    <UnitTestResult executionId="d46a4a29-01c2-427c-afd4-f8a7c7539883" testId="2d73f6e4-16ba-bb5b-063a-e3d62d23a0ac" testName="StudentManager.Tests.Controllers.AccountControllerTests.MyScores_已登录无关联学生_返回空列表" computerName="LAPTOP-6SQRG9K5" duration="00:00:00.0005830" startTime="2026-07-10T11:25:13.1382702+08:00" endTime="2026-07-10T11:25:13.1382702+08:00" testType="13cdc9d9-ddb5-4fa4-a97d-d965ccfc6d4b" outcome="Passed" testListId="8c84fa94-04c1-424b-9868-57a2d4851a1d" relativeResultsDirectory="d46a4a29-01c2-427c-afd4-f8a7c7539883" />
    <UnitTestResult executionId="8d979ad7-8da9-4aef-9353-d1ee01c38c9a" testId="e8670565-83d7-7371-474d-ebc036f3073d" testName="StudentManager.Tests.Controllers.ScoresControllerTests.Index_非Admin返回401" computerName="LAPTOP-6SQRG9K5" duration="00:00:00.0001533" startTime="2026-07-10T11:25:13.1457772+08:00" endTime="2026-07-10T11:25:13.1457772+08:00" testType="13cdc9d9-ddb5-4fa4-a97d-d965ccfc6d4b" outcome="Passed" testListId="8c84fa94-04c1-424b-9868-57a2d4851a1d" relativeResultsDirectory="8d979ad7-8da9-4aef-9353-d1ee01c38c9a" />
    <UnitTestResult executionId="c5bc040b-86da-4cd1-9a00-45121228fcaa" testId="309d8402-6382-b5ab-3f40-cfa2f8a3f2c0" testName="StudentManager.Tests.Controllers.StudentsControllerTests.Delete_GET_非Admin返回401" computerName="LAPTOP-6SQRG9K5" duration="00:00:00.0004801" startTime="2026-07-10T11:25:13.0891093+08:00" endTime="2026-07-10T11:25:13.0891094+08:00" testType="13cdc9d9-ddb5-4fa4-a97d-d965ccfc6d4b" outcome="Passed" testListId="8c84fa94-04c1-424b-9868-57a2d4851a1d" relativeResultsDirectory="c5bc040b-86da-4cd1-9a00-45121228fcaa" />
    <UnitTestResult executionId="d70d9b14-92b5-478b-b232-2045c962c3b5" testId="8a7487a2-1286-359e-58ad-307885b6822c" testName="StudentManager.Tests.Controllers.ScoresControllerTests.Edit_POST_Admin更新成绩并重定向" computerName="LAPTOP-6SQRG9K5" duration="00:00:00.0014786" startTime="2026-07-10T11:25:13.1472943+08:00" endTime="2026-07-10T11:25:13.1472944+08:00" testType="13cdc9d9-ddb5-4fa4-a97d-d965ccfc6d4b" outcome="Passed" testListId="8c84fa94-04c1-424b-9868-57a2d4851a1d" relativeResultsDirectory="d70d9b14-92b5-478b-b232-2045c962c3b5" />
    <UnitTestResult executionId="c69ddec0-bf14-4415-9279-48739be45b13" testId="bc6f66a8-714b-806c-d712-b4b702451585" testName="StudentManager.Tests.Controllers.AccountControllerTests.Register_GET_返回注册视图" computerName="LAPTOP-6SQRG9K5" duration="00:00:00.0002162" startTime="2026-07-10T11:25:13.0651148+08:00" endTime="2026-07-10T11:25:13.0651149+08:00" testType="13cdc9d9-ddb5-4fa4-a97d-d965ccfc6d4b" outcome="Passed" testListId="8c84fa94-04c1-424b-9868-57a2d4851a1d" relativeResultsDirectory="c69ddec0-bf14-4415-9279-48739be45b13" />
    <UnitTestResult executionId="5e7c9a52-5f9f-404a-b814-8cd15827a994" testId="cb2840b1-112c-e7f6-7305-3745e81e07b1" testName="StudentManager.Tests.Controllers.UsersControllerTests.Index_Admin返回用户列表" computerName="LAPTOP-6SQRG9K5" duration="00:00:00.3231383" startTime="2026-07-10T11:25:13.0642083+08:00" endTime="2026-07-10T11:25:13.0642084+08:00" testType="13cdc9d9-ddb5-4fa4-a97d-d965ccfc6d4b" outcome="Passed" testListId="8c84fa94-04c1-424b-9868-57a2d4851a1d" relativeResultsDirectory="5e7c9a52-5f9f-404a-b814-8cd15827a994" />
    <UnitTestResult executionId="fb3a4306-043e-469c-a1bc-6be37c5920c5" testId="afa5c91a-4022-b130-2733-0fe7ae6c4675" testName="StudentManager.Tests.Controllers.StudentsControllerTests.DeleteConfirmed_删除学生并重定向" computerName="LAPTOP-6SQRG9K5" duration="00:00:00.0035719" startTime="2026-07-10T11:25:13.0932758+08:00" endTime="2026-07-10T11:25:13.0932758+08:00" testType="13cdc9d9-ddb5-4fa4-a97d-d965ccfc6d4b" outcome="Passed" testListId="8c84fa94-04c1-424b-9868-57a2d4851a1d" relativeResultsDirectory="fb3a4306-043e-469c-a1bc-6be37c5920c5" />
    <UnitTestResult executionId="f1e98470-ffc1-45c8-bbe6-b0fa2a057ddb" testId="388ea4ba-a600-ceba-1dff-ec6b5734f9b4" testName="StudentManager.Tests.Controllers.AccountControllerTests.Register_POST_有效数据_重定向到登录" computerName="LAPTOP-6SQRG9K5" duration="00:00:00.0004553" startTime="2026-07-10T11:25:13.1389170+08:00" endTime="2026-07-10T11:25:13.1389170+08:00" testType="13cdc9d9-ddb5-4fa4-a97d-d965ccfc6d4b" outcome="Passed" testListId="8c84fa94-04c1-424b-9868-57a2d4851a1d" relativeResultsDirectory="f1e98470-ffc1-45c8-bbe6-b0fa2a057ddb" />
    <UnitTestResult executionId="49446e26-3c14-4129-9d54-79788301b18f" testId="566f16c6-46b6-89c6-dbe0-5891b9d55dce" testName="StudentManager.Tests.Controllers.StudentsControllerTests.Create_POST_Admin有效数据_添加学生并重定向" computerName="LAPTOP-6SQRG9K5" duration="00:00:00.0027112" startTime="2026-07-10T11:25:13.0971490+08:00" endTime="2026-07-10T11:25:13.0971491+08:00" testType="13cdc9d9-ddb5-4fa4-a97d-d965ccfc6d4b" outcome="Passed" testListId="8c84fa94-04c1-424b-9868-57a2d4851a1d" relativeResultsDirectory="49446e26-3c14-4129-9d54-79788301b18f" />
    <UnitTestResult executionId="2b1d00f3-47e9-400c-91d8-cc50541ffd17" testId="4a1c5c7e-9be0-bedc-0d50-7e3a8c5aa3f1" testName="StudentManager.Tests.Controllers.AccountControllerTests.Register_POST_无效模型_返回视图带模型" computerName="LAPTOP-6SQRG9K5" duration="00:00:00.0012733" startTime="2026-07-10T11:25:13.1377065+08:00" endTime="2026-07-10T11:25:13.1377066+08:00" testType="13cdc9d9-ddb5-4fa4-a97d-d965ccfc6d4b" outcome="Passed" testListId="8c84fa94-04c1-424b-9868-57a2d4851a1d" relativeResultsDirectory="2b1d00f3-47e9-400c-91d8-cc50541ffd17" />
    <UnitTestResult executionId="e8a388db-f88e-49b5-84cf-52579ff9b5ef" testId="e70a3dcc-49b6-1d8b-a099-5d9b7d560f1f" testName="StudentManager.Tests.Controllers.AccountControllerTests.MyScores_已登录有学生_返回成绩" computerName="LAPTOP-6SQRG9K5" duration="00:00:00.0232528" startTime="2026-07-10T11:25:13.1361208+08:00" endTime="2026-07-10T11:25:13.1361209+08:00" testType="13cdc9d9-ddb5-4fa4-a97d-d965ccfc6d4b" outcome="Passed" testListId="8c84fa94-04c1-424b-9868-57a2d4851a1d" relativeResultsDirectory="e8a388db-f88e-49b5-84cf-52579ff9b5ef" />
    <UnitTestResult executionId="6b6daeda-afb5-4d73-849b-810e7195d338" testId="d1a9056b-5e0b-cfc2-be3f-065b1e416715" testName="StudentManager.Tests.Controllers.CoursesControllerTests.Edit_POST_Admin更新课程并重定向" computerName="LAPTOP-6SQRG9K5" duration="00:00:00.0007660" startTime="2026-07-10T11:25:13.0959959+08:00" endTime="2026-07-10T11:25:13.0959960+08:00" testType="13cdc9d9-ddb5-4fa4-a97d-d965ccfc6d4b" outcome="Passed" testListId="8c84fa94-04c1-424b-9868-57a2d4851a1d" relativeResultsDirectory="6b6daeda-afb5-4d73-849b-810e7195d338" />
    <UnitTestResult executionId="0ce5a6c6-c892-45c6-ae34-6883339cd609" testId="593b9587-8f8e-9243-c397-da04857d66fb" testName="StudentManager.Tests.Controllers.AccountControllerTests.Login_GET_返回登录视图" computerName="LAPTOP-6SQRG9K5" duration="00:00:00.0758465" startTime="2026-07-10T11:25:12.8169832+08:00" endTime="2026-07-10T11:25:12.8169835+08:00" testType="13cdc9d9-ddb5-4fa4-a97d-d965ccfc6d4b" outcome="Passed" testListId="8c84fa94-04c1-424b-9868-57a2d4851a1d" relativeResultsDirectory="0ce5a6c6-c892-45c6-ae34-6883339cd609" />
    <UnitTestResult executionId="36e3fba7-2fad-47d8-8ee0-92a2644677fc" testId="8a951655-8288-0577-8e3f-4e981e236ad5" testName="StudentManager.Tests.Controllers.UsersControllerTests.Index_非Admin返回401" computerName="LAPTOP-6SQRG9K5" duration="00:00:00.0002829" startTime="2026-07-10T11:25:13.0645238+08:00" endTime="2026-07-10T11:25:13.0645239+08:00" testType="13cdc9d9-ddb5-4fa4-a97d-d965ccfc6d4b" outcome="Passed" testListId="8c84fa94-04c1-424b-9868-57a2d4851a1d" relativeResultsDirectory="36e3fba7-2fad-47d8-8ee0-92a2644677fc" />
    <UnitTestResult executionId="7ee6cc6c-77bd-4b82-bb5b-5412ba3e4780" testId="92d39f12-ddad-4e2f-d9b9-db017f3fddaf" testName="StudentManager.Tests.Controllers.ScoresControllerTests.Create_GET_Admin返回视图含学生和课程列表" computerName="LAPTOP-6SQRG9K5" duration="00:00:00.0008337" startTime="2026-07-10T11:25:13.1385732+08:00" endTime="2026-07-10T11:25:13.1385732+08:00" testType="13cdc9d9-ddb5-4fa4-a97d-d965ccfc6d4b" outcome="Passed" testListId="8c84fa94-04c1-424b-9868-57a2d4851a1d" relativeResultsDirectory="7ee6cc6c-77bd-4b82-bb5b-5412ba3e4780" />
    <UnitTestResult executionId="61e6acc4-2d2a-4dc7-aeb8-d82c43ca036f" testId="a3e1da34-58bb-4fd3-8fe5-6a9225c02c07" testName="StudentManager.Tests.Controllers.StudentsControllerTests.Create_POST_非Admin返回401" computerName="LAPTOP-6SQRG9K5" duration="00:00:00.0002015" startTime="2026-07-10T11:25:13.0862811+08:00" endTime="2026-07-10T11:25:13.0862813+08:00" testType="13cdc9d9-ddb5-4fa4-a97d-d965ccfc6d4b" outcome="Passed" testListId="8c84fa94-04c1-424b-9868-57a2d4851a1d" relativeResultsDirectory="61e6acc4-2d2a-4dc7-aeb8-d82c43ca036f" />
    <UnitTestResult executionId="0b9b8626-fdf2-47ca-86ee-5c722c2a9755" testId="9656d6a4-a2f9-5209-03ad-af520dab8e70" testName="StudentManager.Tests.Controllers.AccountControllerTests.Login_POST_无效凭据_返回视图带错误" computerName="LAPTOP-6SQRG9K5" duration="00:00:00.0476641" startTime="2026-07-10T11:25:13.1128175+08:00" endTime="2026-07-10T11:25:13.1128176+08:00" testType="13cdc9d9-ddb5-4fa4-a97d-d965ccfc6d4b" outcome="Passed" testListId="8c84fa94-04c1-424b-9868-57a2d4851a1d" relativeResultsDirectory="0b9b8626-fdf2-47ca-86ee-5c722c2a9755" />
    <UnitTestResult executionId="66a168d7-4846-4aba-b6bb-c058aecb1356" testId="2ebffb7c-c5d1-dbff-1aae-91843878277d" testName="StudentManager.Tests.Controllers.CoursesControllerTests.Create_POST_Admin有效数据_添加课程并重定向" computerName="LAPTOP-6SQRG9K5" duration="00:00:00.0019205" startTime="2026-07-10T11:25:13.0951649+08:00" endTime="2026-07-10T11:25:13.0951650+08:00" testType="13cdc9d9-ddb5-4fa4-a97d-d965ccfc6d4b" outcome="Passed" testListId="8c84fa94-04c1-424b-9868-57a2d4851a1d" relativeResultsDirectory="66a168d7-4846-4aba-b6bb-c058aecb1356" />
    <UnitTestResult executionId="26c5308f-13c3-4719-b16c-39870d36a1c3" testId="41f06131-0bf5-f7c4-a623-6466189985bc" testName="StudentManager.Tests.Controllers.HomeControllerTests.Privacy_返回默认视图" computerName="LAPTOP-6SQRG9K5" duration="00:00:00.0360586" startTime="2026-07-10T11:25:12.7772860+08:00" endTime="2026-07-10T11:25:12.7772960+08:00" testType="13cdc9d9-ddb5-4fa4-a97d-d965ccfc6d4b" outcome="Passed" testListId="8c84fa94-04c1-424b-9868-57a2d4851a1d" relativeResultsDirectory="26c5308f-13c3-4719-b16c-39870d36a1c3" />
    <UnitTestResult executionId="9a3a121c-3c53-4c47-afe3-d4971951de8e" testId="e3c1a56f-aa19-9ddd-0abc-87a667819cc0" testName="StudentManager.Tests.Controllers.ScoresControllerTests.Index_Admin返回成绩列表含关联数据" computerName="LAPTOP-6SQRG9K5" duration="00:00:00.0199629" startTime="2026-07-10T11:25:13.1351137+08:00" endTime="2026-07-10T11:25:13.1351139+08:00" testType="13cdc9d9-ddb5-4fa4-a97d-d965ccfc6d4b" outcome="Passed" testListId="8c84fa94-04c1-424b-9868-57a2d4851a1d" relativeResultsDirectory="9a3a121c-3c53-4c47-afe3-d4971951de8e" />
    <UnitTestResult executionId="87d2ba19-1b25-42ff-9d69-bb267d5bf065" testId="c6025d9e-ee5e-8f2e-1703-31f5a34fd648" testName="StudentManager.Tests.Controllers.ScoresControllerTests.Create_GET_非Admin返回401" computerName="LAPTOP-6SQRG9K5" duration="00:00:00.0001187" startTime="2026-07-10T11:25:13.1391080+08:00" endTime="2026-07-10T11:25:13.1391081+08:00" testType="13cdc9d9-ddb5-4fa4-a97d-d965ccfc6d4b" outcome="Passed" testListId="8c84fa94-04c1-424b-9868-57a2d4851a1d" relativeResultsDirectory="87d2ba19-1b25-42ff-9d69-bb267d5bf065" />
    <UnitTestResult executionId="cb1288fd-f543-49bc-b23b-1767f8f24511" testId="46738366-ede6-5a6a-5e3e-ae5890a1d511" testName="StudentManager.Tests.Controllers.StudentsControllerTests.Index_按姓名搜索返回过滤结果" computerName="LAPTOP-6SQRG9K5" duration="00:00:00.0005633" startTime="2026-07-10T11:25:13.0896618+08:00" endTime="2026-07-10T11:25:13.0896619+08:00" testType="13cdc9d9-ddb5-4fa4-a97d-d965ccfc6d4b" outcome="Passed" testListId="8c84fa94-04c1-424b-9868-57a2d4851a1d" relativeResultsDirectory="cb1288fd-f543-49bc-b23b-1767f8f24511" />
    <UnitTestResult executionId="a45b5a2c-a180-4960-983e-48f38966cfe1" testId="680f3b2a-4d68-0e9f-bc97-7241f42184fd" testName="StudentManager.Tests.Controllers.StudentsControllerTests.Index_返回学生列表" computerName="LAPTOP-6SQRG9K5" duration="00:00:00.0165482" startTime="2026-07-10T11:25:13.0821662+08:00" endTime="2026-07-10T11:25:13.0821663+08:00" testType="13cdc9d9-ddb5-4fa4-a97d-d965ccfc6d4b" outcome="Passed" testListId="8c84fa94-04c1-424b-9868-57a2d4851a1d" relativeResultsDirectory="a45b5a2c-a180-4960-983e-48f38966cfe1" />
    <UnitTestResult executionId="8f7ed153-85dc-4322-97fd-229c581c64ba" testId="286e935f-9823-f603-999d-3dae472b3005" testName="StudentManager.Tests.Controllers.ScoresControllerTests.Create_POST_Admin有效数据_添加成绩并重定向" computerName="LAPTOP-6SQRG9K5" duration="00:00:00.0064396" startTime="2026-07-10T11:25:13.1455973+08:00" endTime="2026-07-10T11:25:13.1455974+08:00" testType="13cdc9d9-ddb5-4fa4-a97d-d965ccfc6d4b" outcome="Passed" testListId="8c84fa94-04c1-424b-9868-57a2d4851a1d" relativeResultsDirectory="8f7ed153-85dc-4322-97fd-229c581c64ba" />
    <UnitTestResult executionId="0a4bf30f-3b3e-444f-8a68-fa65e9df92a1" testId="ecff2093-722b-dedd-a2a6-8343714ebf68" testName="StudentManager.Tests.Controllers.StudentsControllerTests.Edit_GET_不存在返回404" computerName="LAPTOP-6SQRG9K5" duration="00:00:00.0030718" startTime="2026-07-10T11:25:13.0853863+08:00" endTime="2026-07-10T11:25:13.0853868+08:00" testType="13cdc9d9-ddb5-4fa4-a97d-d965ccfc6d4b" outcome="Passed" testListId="8c84fa94-04c1-424b-9868-57a2d4851a1d" relativeResultsDirectory="0a4bf30f-3b3e-444f-8a68-fa65e9df92a1" />
    <UnitTestResult executionId="fe33191b-b01e-457a-835a-87c81659ecad" testId="cdd80f16-4513-0e70-a9c8-339b27e8137f" testName="StudentManager.Tests.Controllers.CoursesControllerTests.Edit_GET_非Admin返回401" computerName="LAPTOP-6SQRG9K5" duration="00:00:00.0003560" startTime="2026-07-10T11:25:13.0965060+08:00" endTime="2026-07-10T11:25:13.0965060+08:00" testType="13cdc9d9-ddb5-4fa4-a97d-d965ccfc6d4b" outcome="Passed" testListId="8c84fa94-04c1-424b-9868-57a2d4851a1d" relativeResultsDirectory="fe33191b-b01e-457a-835a-87c81659ecad" />
    <UnitTestResult executionId="72d48d05-ea62-41a5-adfc-19b6d4f3435f" testId="80a52636-259d-104f-775a-1b2757e37677" testName="StudentManager.Tests.Controllers.UsersControllerTests.Edit_POST_Admin更新用户并重定向" computerName="LAPTOP-6SQRG9K5" duration="00:00:00.0072128" startTime="2026-07-10T11:25:13.0885529+08:00" endTime="2026-07-10T11:25:13.0885530+08:00" testType="13cdc9d9-ddb5-4fa4-a97d-d965ccfc6d4b" outcome="Passed" testListId="8c84fa94-04c1-424b-9868-57a2d4851a1d" relativeResultsDirectory="72d48d05-ea62-41a5-adfc-19b6d4f3435f" />
    <UnitTestResult executionId="8384f0c3-fa37-4e8e-9066-5ea829d04e24" testId="6a64216c-4706-574e-e2ac-9f5040e1a665" testName="StudentManager.Tests.Controllers.ScoresControllerTests.Create_POST_非Admin返回401" computerName="LAPTOP-6SQRG9K5" duration="00:00:00.0001494" startTime="2026-07-10T11:25:13.1152347+08:00" endTime="2026-07-10T11:25:13.1152347+08:00" testType="13cdc9d9-ddb5-4fa4-a97d-d965ccfc6d4b" outcome="Passed" testListId="8c84fa94-04c1-424b-9868-57a2d4851a1d" relativeResultsDirectory="8384f0c3-fa37-4e8e-9066-5ea829d04e24" />
    <UnitTestResult executionId="a422feff-75f1-475c-bf06-ec717cc3da3b" testId="eb3b5131-d978-cd5d-4623-4cf6d2f15177" testName="StudentManager.Tests.Controllers.UsersControllerTests.Edit_GET_非Admin返回401" computerName="LAPTOP-6SQRG9K5" duration="00:00:00.0001410" startTime="2026-07-10T11:25:13.0915298+08:00" endTime="2026-07-10T11:25:13.0915299+08:00" testType="13cdc9d9-ddb5-4fa4-a97d-d965ccfc6d4b" outcome="Passed" testListId="8c84fa94-04c1-424b-9868-57a2d4851a1d" relativeResultsDirectory="a422feff-75f1-475c-bf06-ec717cc3da3b" />
    <UnitTestResult executionId="da4b4ecb-dd64-4ec8-9b7e-da000c845105" testId="96844eba-6323-9563-cc28-aa3598543367" testName="StudentManager.Tests.Controllers.StudentsControllerTests.Create_GET_非Admin返回401" computerName="LAPTOP-6SQRG9K5" duration="00:00:00.0001869" startTime="2026-07-10T11:25:13.0860430+08:00" endTime="2026-07-10T11:25:13.0860431+08:00" testType="13cdc9d9-ddb5-4fa4-a97d-d965ccfc6d4b" outcome="Passed" testListId="8c84fa94-04c1-424b-9868-57a2d4851a1d" relativeResultsDirectory="da4b4ecb-dd64-4ec8-9b7e-da000c845105" />
    <UnitTestResult executionId="1f6ec5d4-0df2-4240-937e-136485e3489d" testId="cdc58444-ba98-40bf-51c6-4a11074c9c74" testName="StudentManager.Tests.Controllers.UsersControllerTests.Edit_GET_不存在返回404" computerName="LAPTOP-6SQRG9K5" duration="00:00:00.0025487" startTime="2026-07-10T11:25:13.0911125+08:00" endTime="2026-07-10T11:25:13.0911126+08:00" testType="13cdc9d9-ddb5-4fa4-a97d-d965ccfc6d4b" outcome="Passed" testListId="8c84fa94-04c1-424b-9868-57a2d4851a1d" relativeResultsDirectory="1f6ec5d4-0df2-4240-937e-136485e3489d" />
    <UnitTestResult executionId="eaf1b935-46a9-4287-8232-d877d0489d8e" testId="a85ca6f2-90da-0f26-90da-8ba548bba4a0" testName="StudentManager.Tests.Controllers.StudentsControllerTests.Edit_GET_非Admin返回401" computerName="LAPTOP-6SQRG9K5" duration="00:00:00.0005183" startTime="2026-07-10T11:25:13.0859619+08:00" endTime="2026-07-10T11:25:13.0859619+08:00" testType="13cdc9d9-ddb5-4fa4-a97d-d965ccfc6d4b" outcome="Passed" testListId="8c84fa94-04c1-424b-9868-57a2d4851a1d" relativeResultsDirectory="eaf1b935-46a9-4287-8232-d877d0489d8e" />
    <UnitTestResult executionId="df23b9ac-5cb4-4206-97cb-0e8cde27754a" testId="93500fbc-0860-f482-7630-2c841a30ef92" testName="StudentManager.Tests.Controllers.AccountControllerTests.Login_POST_有效凭据_设置Session并重定向" computerName="LAPTOP-6SQRG9K5" duration="00:00:00.2458056" startTime="2026-07-10T11:25:13.0648823+08:00" endTime="2026-07-10T11:25:13.0648824+08:00" testType="13cdc9d9-ddb5-4fa4-a97d-d965ccfc6d4b" outcome="Passed" testListId="8c84fa94-04c1-424b-9868-57a2d4851a1d" relativeResultsDirectory="df23b9ac-5cb4-4206-97cb-0e8cde27754a" />
  </Results>
  <TestDefinitions>
    <UnitTest name="StudentManager.Tests.Controllers.ScoresControllerTests.Edit_POST_Admin更新成绩并重定向" storage="d:\桌面图标\web项目\opencode修改版学生管理系统\studentmanager.tests\bin\debug\net8.0\studentmanager.tests.dll" id="8a7487a2-1286-359e-58ad-307885b6822c">
      <Execution id="d70d9b14-92b5-478b-b232-2045c962c3b5" />
      <TestMethod codeBase="D:\桌面图标\Web项目\opencode修改版学生管理系统\StudentManager.Tests\bin\Debug\net8.0\StudentManager.Tests.dll" adapterTypeName="executor://xunit/VsTestRunner2/netcoreapp" className="StudentManager.Tests.Controllers.ScoresControllerTests" name="Edit_POST_Admin更新成绩并重定向" />
    </UnitTest>
    <UnitTest name="StudentManager.Tests.Controllers.StudentsControllerTests.DeleteConfirmed_删除学生并重定向" storage="d:\桌面图标\web项目\opencode修改版学生管理系统\studentmanager.tests\bin\debug\net8.0\studentmanager.tests.dll" id="afa5c91a-4022-b130-2733-0fe7ae6c4675">
      <Execution id="fb3a4306-043e-469c-a1bc-6be37c5920c5" />
      <TestMethod codeBase="D:\桌面图标\Web项目\opencode修改版学生管理系统\StudentManager.Tests\bin\Debug\net8.0\StudentManager.Tests.dll" adapterTypeName="executor://xunit/VsTestRunner2/netcoreapp" className="StudentManager.Tests.Controllers.StudentsControllerTests" name="DeleteConfirmed_删除学生并重定向" />
    </UnitTest>
    <UnitTest name="StudentManager.Tests.Controllers.ScoresControllerTests.Create_GET_非Admin返回401" storage="d:\桌面图标\web项目\opencode修改版学生管理系统\studentmanager.tests\bin\debug\net8.0\studentmanager.tests.dll" id="c6025d9e-ee5e-8f2e-1703-31f5a34fd648">
      <Execution id="87d2ba19-1b25-42ff-9d69-bb267d5bf065" />
      <TestMethod codeBase="D:\桌面图标\Web项目\opencode修改版学生管理系统\StudentManager.Tests\bin\Debug\net8.0\StudentManager.Tests.dll" adapterTypeName="executor://xunit/VsTestRunner2/netcoreapp" className="StudentManager.Tests.Controllers.ScoresControllerTests" name="Create_GET_非Admin返回401" />
    </UnitTest>
    <UnitTest name="StudentManager.Tests.Controllers.StudentsControllerTests.Delete_GET_非Admin返回401" storage="d:\桌面图标\web项目\opencode修改版学生管理系统\studentmanager.tests\bin\debug\net8.0\studentmanager.tests.dll" id="309d8402-6382-b5ab-3f40-cfa2f8a3f2c0">
      <Execution id="c5bc040b-86da-4cd1-9a00-45121228fcaa" />
      <TestMethod codeBase="D:\桌面图标\Web项目\opencode修改版学生管理系统\StudentManager.Tests\bin\Debug\net8.0\StudentManager.Tests.dll" adapterTypeName="executor://xunit/VsTestRunner2/netcoreapp" className="StudentManager.Tests.Controllers.StudentsControllerTests" name="Delete_GET_非Admin返回401" />
    </UnitTest>
    <UnitTest name="StudentManager.Tests.Controllers.StudentsControllerTests.Index_返回学生列表" storage="d:\桌面图标\web项目\opencode修改版学生管理系统\studentmanager.tests\bin\debug\net8.0\studentmanager.tests.dll" id="680f3b2a-4d68-0e9f-bc97-7241f42184fd">
      <Execution id="a45b5a2c-a180-4960-983e-48f38966cfe1" />
      <TestMethod codeBase="D:\桌面图标\Web项目\opencode修改版学生管理系统\StudentManager.Tests\bin\Debug\net8.0\StudentManager.Tests.dll" adapterTypeName="executor://xunit/VsTestRunner2/netcoreapp" className="StudentManager.Tests.Controllers.StudentsControllerTests" name="Index_返回学生列表" />
    </UnitTest>
    <UnitTest name="StudentManager.Tests.Controllers.ScoresControllerTests.Create_GET_Admin返回视图含学生和课程列表" storage="d:\桌面图标\web项目\opencode修改版学生管理系统\studentmanager.tests\bin\debug\net8.0\studentmanager.tests.dll" id="92d39f12-ddad-4e2f-d9b9-db017f3fddaf">
      <Execution id="7ee6cc6c-77bd-4b82-bb5b-5412ba3e4780" />
      <TestMethod codeBase="D:\桌面图标\Web项目\opencode修改版学生管理系统\StudentManager.Tests\bin\Debug\net8.0\StudentManager.Tests.dll" adapterTypeName="executor://xunit/VsTestRunner2/netcoreapp" className="StudentManager.Tests.Controllers.ScoresControllerTests" name="Create_GET_Admin返回视图含学生和课程列表" />
    </UnitTest>
    <UnitTest name="StudentManager.Tests.Controllers.ScoresControllerTests.Create_POST_Admin有效数据_添加成绩并重定向" storage="d:\桌面图标\web项目\opencode修改版学生管理系统\studentmanager.tests\bin\debug\net8.0\studentmanager.tests.dll" id="286e935f-9823-f603-999d-3dae472b3005">
      <Execution id="8f7ed153-85dc-4322-97fd-229c581c64ba" />
      <TestMethod codeBase="D:\桌面图标\Web项目\opencode修改版学生管理系统\StudentManager.Tests\bin\Debug\net8.0\StudentManager.Tests.dll" adapterTypeName="executor://xunit/VsTestRunner2/netcoreapp" className="StudentManager.Tests.Controllers.ScoresControllerTests" name="Create_POST_Admin有效数据_添加成绩并重定向" />
    </UnitTest>
    <UnitTest name="StudentManager.Tests.Controllers.HomeControllerTests.Error_返回ErrorViewModel" storage="d:\桌面图标\web项目\opencode修改版学生管理系统\studentmanager.tests\bin\debug\net8.0\studentmanager.tests.dll" id="9b1a3dfc-424a-b9f5-7404-31e6226d6f19">
      <Execution id="638a3644-a5ba-4af1-b822-5f406597f7c1" />
      <TestMethod codeBase="D:\桌面图标\Web项目\opencode修改版学生管理系统\StudentManager.Tests\bin\Debug\net8.0\StudentManager.Tests.dll" adapterTypeName="executor://xunit/VsTestRunner2/netcoreapp" className="StudentManager.Tests.Controllers.HomeControllerTests" name="Error_返回ErrorViewModel" />
    </UnitTest>
    <UnitTest name="StudentManager.Tests.Controllers.ScoresControllerTests.Edit_GET_Admin返回编辑视图" storage="d:\桌面图标\web项目\opencode修改版学生管理系统\studentmanager.tests\bin\debug\net8.0\studentmanager.tests.dll" id="64ae3802-b4d7-cab8-f203-be5a895c8b3c">
      <Execution id="d5a72710-9401-4283-8340-fa435ef556f9" />
      <TestMethod codeBase="D:\桌面图标\Web项目\opencode修改版学生管理系统\StudentManager.Tests\bin\Debug\net8.0\StudentManager.Tests.dll" adapterTypeName="executor://xunit/VsTestRunner2/netcoreapp" className="StudentManager.Tests.Controllers.ScoresControllerTests" name="Edit_GET_Admin返回编辑视图" />
    </UnitTest>
    <UnitTest name="StudentManager.Tests.Controllers.CoursesControllerTests.Create_GET_非Admin返回401" storage="d:\桌面图标\web项目\opencode修改版学生管理系统\studentmanager.tests\bin\debug\net8.0\studentmanager.tests.dll" id="851b435d-7e77-484d-fe7b-5bfd45879188">
      <Execution id="fc06d6f8-f854-482b-aba6-8cd72b534be2" />
      <TestMethod codeBase="D:\桌面图标\Web项目\opencode修改版学生管理系统\StudentManager.Tests\bin\Debug\net8.0\StudentManager.Tests.dll" adapterTypeName="executor://xunit/VsTestRunner2/netcoreapp" className="StudentManager.Tests.Controllers.CoursesControllerTests" name="Create_GET_非Admin返回401" />
    </UnitTest>
    <UnitTest name="StudentManager.Tests.Controllers.UsersControllerTests.Index_非Admin返回401" storage="d:\桌面图标\web项目\opencode修改版学生管理系统\studentmanager.tests\bin\debug\net8.0\studentmanager.tests.dll" id="8a951655-8288-0577-8e3f-4e981e236ad5">
      <Execution id="36e3fba7-2fad-47d8-8ee0-92a2644677fc" />
      <TestMethod codeBase="D:\桌面图标\Web项目\opencode修改版学生管理系统\StudentManager.Tests\bin\Debug\net8.0\StudentManager.Tests.dll" adapterTypeName="executor://xunit/VsTestRunner2/netcoreapp" className="StudentManager.Tests.Controllers.UsersControllerTests" name="Index_非Admin返回401" />
    </UnitTest>
    <UnitTest name="StudentManager.Tests.Controllers.HomeControllerTests.Privacy_返回默认视图" storage="d:\桌面图标\web项目\opencode修改版学生管理系统\studentmanager.tests\bin\debug\net8.0\studentmanager.tests.dll" id="41f06131-0bf5-f7c4-a623-6466189985bc">
      <Execution id="26c5308f-13c3-4719-b16c-39870d36a1c3" />
      <TestMethod codeBase="D:\桌面图标\Web项目\opencode修改版学生管理系统\StudentManager.Tests\bin\Debug\net8.0\StudentManager.Tests.dll" adapterTypeName="executor://xunit/VsTestRunner2/netcoreapp" className="StudentManager.Tests.Controllers.HomeControllerTests" name="Privacy_返回默认视图" />
    </UnitTest>
    <UnitTest name="StudentManager.Tests.Controllers.UsersControllerTests.Edit_POST_Admin更新用户并重定向" storage="d:\桌面图标\web项目\opencode修改版学生管理系统\studentmanager.tests\bin\debug\net8.0\studentmanager.tests.dll" id="80a52636-259d-104f-775a-1b2757e37677">
      <Execution id="72d48d05-ea62-41a5-adfc-19b6d4f3435f" />
      <TestMethod codeBase="D:\桌面图标\Web项目\opencode修改版学生管理系统\StudentManager.Tests\bin\Debug\net8.0\StudentManager.Tests.dll" adapterTypeName="executor://xunit/VsTestRunner2/netcoreapp" className="StudentManager.Tests.Controllers.UsersControllerTests" name="Edit_POST_Admin更新用户并重定向" />
    </UnitTest>
    <UnitTest name="StudentManager.Tests.Controllers.HomeControllerTests.Index_返回默认视图" storage="d:\桌面图标\web项目\opencode修改版学生管理系统\studentmanager.tests\bin\debug\net8.0\studentmanager.tests.dll" id="63511635-1fe5-7575-4e6a-352d3fb489b6">
      <Execution id="ed7361c7-732e-4829-8d61-9551cc7b4ed6" />
      <TestMethod codeBase="D:\桌面图标\Web项目\opencode修改版学生管理系统\StudentManager.Tests\bin\Debug\net8.0\StudentManager.Tests.dll" adapterTypeName="executor://xunit/VsTestRunner2/netcoreapp" className="StudentManager.Tests.Controllers.HomeControllerTests" name="Index_返回默认视图" />
    </UnitTest>
    <UnitTest name="StudentManager.Tests.Controllers.CoursesControllerTests.Edit_GET_Admin返回课程视图" storage="d:\桌面图标\web项目\opencode修改版学生管理系统\studentmanager.tests\bin\debug\net8.0\studentmanager.tests.dll" id="97cf19ba-0caa-a989-531d-da239cda6a37">
      <Execution id="31b9b866-866d-46b6-bbb0-1c5e210f4ed2" />
      <TestMethod codeBase="D:\桌面图标\Web项目\opencode修改版学生管理系统\StudentManager.Tests\bin\Debug\net8.0\StudentManager.Tests.dll" adapterTypeName="executor://xunit/VsTestRunner2/netcoreapp" className="StudentManager.Tests.Controllers.CoursesControllerTests" name="Edit_GET_Admin返回课程视图" />
    </UnitTest>
    <UnitTest name="StudentManager.Tests.Controllers.StudentsControllerTests.Edit_POST_Admin更新学生并重定向" storage="d:\桌面图标\web项目\opencode修改版学生管理系统\studentmanager.tests\bin\debug\net8.0\studentmanager.tests.dll" id="d33155ee-09c3-1507-6258-4b4d6ddcfb88">
      <Execution id="9a780ec8-727d-47f9-9f00-8316aa7bc256" />
      <TestMethod codeBase="D:\桌面图标\Web项目\opencode修改版学生管理系统\StudentManager.Tests\bin\Debug\net8.0\StudentManager.Tests.dll" adapterTypeName="executor://xunit/VsTestRunner2/netcoreapp" className="StudentManager.Tests.Controllers.StudentsControllerTests" name="Edit_POST_Admin更新学生并重定向" />
    </UnitTest>
    <UnitTest name="StudentManager.Tests.Controllers.StudentsControllerTests.Edit_GET_Admin返回学生视图" storage="d:\桌面图标\web项目\opencode修改版学生管理系统\studentmanager.tests\bin\debug\net8.0\studentmanager.tests.dll" id="f3ae9093-d485-ed1d-080e-8f4cf083ded4">
      <Execution id="40ebae4b-6848-4e26-be49-d6c1bb2eb003" />
      <TestMethod codeBase="D:\桌面图标\Web项目\opencode修改版学生管理系统\StudentManager.Tests\bin\Debug\net8.0\StudentManager.Tests.dll" adapterTypeName="executor://xunit/VsTestRunner2/netcoreapp" className="StudentManager.Tests.Controllers.StudentsControllerTests" name="Edit_GET_Admin返回学生视图" />
    </UnitTest>
    <UnitTest name="StudentManager.Tests.Controllers.StudentsControllerTests.Create_GET_Admin返回视图" storage="d:\桌面图标\web项目\opencode修改版学生管理系统\studentmanager.tests\bin\debug\net8.0\studentmanager.tests.dll" id="e9b171e0-4606-8991-19ae-87c159045b47">
      <Execution id="41ead67e-a7e1-422c-9363-2860a47047fe" />
      <TestMethod codeBase="D:\桌面图标\Web项目\opencode修改版学生管理系统\StudentManager.Tests\bin\Debug\net8.0\StudentManager.Tests.dll" adapterTypeName="executor://xunit/VsTestRunner2/netcoreapp" className="StudentManager.Tests.Controllers.StudentsControllerTests" name="Create_GET_Admin返回视图" />
    </UnitTest>
    <UnitTest name="StudentManager.Tests.Controllers.UsersControllerTests.DeleteConfirmed_删除用户并重定向" storage="d:\桌面图标\web项目\opencode修改版学生管理系统\studentmanager.tests\bin\debug\net8.0\studentmanager.tests.dll" id="36fd0824-bce8-42b1-3f21-a6a96c189634">
      <Execution id="367d237f-5607-4834-a71b-ac918c0d8c32" />
      <TestMethod codeBase="D:\桌面图标\Web项目\opencode修改版学生管理系统\StudentManager.Tests\bin\Debug\net8.0\StudentManager.Tests.dll" adapterTypeName="executor://xunit/VsTestRunner2/netcoreapp" className="StudentManager.Tests.Controllers.UsersControllerTests" name="DeleteConfirmed_删除用户并重定向" />
    </UnitTest>
    <UnitTest name="StudentManager.Tests.Controllers.AccountControllerTests.Login_GET_返回登录视图" storage="d:\桌面图标\web项目\opencode修改版学生管理系统\studentmanager.tests\bin\debug\net8.0\studentmanager.tests.dll" id="593b9587-8f8e-9243-c397-da04857d66fb">
      <Execution id="0ce5a6c6-c892-45c6-ae34-6883339cd609" />
      <TestMethod codeBase="D:\桌面图标\Web项目\opencode修改版学生管理系统\StudentManager.Tests\bin\Debug\net8.0\StudentManager.Tests.dll" adapterTypeName="executor://xunit/VsTestRunner2/netcoreapp" className="StudentManager.Tests.Controllers.AccountControllerTests" name="Login_GET_返回登录视图" />
    </UnitTest>
    <UnitTest name="StudentManager.Tests.Controllers.CoursesControllerTests.Edit_GET_非Admin返回401" storage="d:\桌面图标\web项目\opencode修改版学生管理系统\studentmanager.tests\bin\debug\net8.0\studentmanager.tests.dll" id="cdd80f16-4513-0e70-a9c8-339b27e8137f">
      <Execution id="fe33191b-b01e-457a-835a-87c81659ecad" />
      <TestMethod codeBase="D:\桌面图标\Web项目\opencode修改版学生管理系统\StudentManager.Tests\bin\Debug\net8.0\StudentManager.Tests.dll" adapterTypeName="executor://xunit/VsTestRunner2/netcoreapp" className="StudentManager.Tests.Controllers.CoursesControllerTests" name="Edit_GET_非Admin返回401" />
    </UnitTest>
    <UnitTest name="StudentManager.Tests.Controllers.CoursesControllerTests.Edit_GET_不存在返回404" storage="d:\桌面图标\web项目\opencode修改版学生管理系统\studentmanager.tests\bin\debug\net8.0\studentmanager.tests.dll" id="cd364b16-d183-d920-af22-1f034c55745a">
      <Execution id="affc2ea6-196b-4986-b946-236208686720" />
      <TestMethod codeBase="D:\桌面图标\Web项目\opencode修改版学生管理系统\StudentManager.Tests\bin\Debug\net8.0\StudentManager.Tests.dll" adapterTypeName="executor://xunit/VsTestRunner2/netcoreapp" className="StudentManager.Tests.Controllers.CoursesControllerTests" name="Edit_GET_不存在返回404" />
    </UnitTest>
    <UnitTest name="StudentManager.Tests.Controllers.AccountControllerTests.Register_POST_有效数据_重定向到登录" storage="d:\桌面图标\web项目\opencode修改版学生管理系统\studentmanager.tests\bin\debug\net8.0\studentmanager.tests.dll" id="388ea4ba-a600-ceba-1dff-ec6b5734f9b4">
      <Execution id="f1e98470-ffc1-45c8-bbe6-b0fa2a057ddb" />
      <TestMethod codeBase="D:\桌面图标\Web项目\opencode修改版学生管理系统\StudentManager.Tests\bin\Debug\net8.0\StudentManager.Tests.dll" adapterTypeName="executor://xunit/VsTestRunner2/netcoreapp" className="StudentManager.Tests.Controllers.AccountControllerTests" name="Register_POST_有效数据_重定向到登录" />
    </UnitTest>
    <UnitTest name="StudentManager.Tests.Controllers.ScoresControllerTests.Edit_GET_非Admin返回401" storage="d:\桌面图标\web项目\opencode修改版学生管理系统\studentmanager.tests\bin\debug\net8.0\studentmanager.tests.dll" id="16edddb2-96ca-800f-b964-e1a7a07644fb">
      <Execution id="044b9c0b-38ae-4a84-be33-c193879b21fe" />
      <TestMethod codeBase="D:\桌面图标\Web项目\opencode修改版学生管理系统\StudentManager.Tests\bin\Debug\net8.0\StudentManager.Tests.dll" adapterTypeName="executor://xunit/VsTestRunner2/netcoreapp" className="StudentManager.Tests.Controllers.ScoresControllerTests" name="Edit_GET_非Admin返回401" />
    </UnitTest>
    <UnitTest name="StudentManager.Tests.Controllers.AccountControllerTests.MyScores_已登录有学生_返回成绩" storage="d:\桌面图标\web项目\opencode修改版学生管理系统\studentmanager.tests\bin\debug\net8.0\studentmanager.tests.dll" id="e70a3dcc-49b6-1d8b-a099-5d9b7d560f1f">
      <Execution id="e8a388db-f88e-49b5-84cf-52579ff9b5ef" />
      <TestMethod codeBase="D:\桌面图标\Web项目\opencode修改版学生管理系统\StudentManager.Tests\bin\Debug\net8.0\StudentManager.Tests.dll" adapterTypeName="executor://xunit/VsTestRunner2/netcoreapp" className="StudentManager.Tests.Controllers.AccountControllerTests" name="MyScores_已登录有学生_返回成绩" />
    </UnitTest>
    <UnitTest name="StudentManager.Tests.Controllers.CoursesControllerTests.Edit_POST_Admin更新课程并重定向" storage="d:\桌面图标\web项目\opencode修改版学生管理系统\studentmanager.tests\bin\debug\net8.0\studentmanager.tests.dll" id="d1a9056b-5e0b-cfc2-be3f-065b1e416715">
      <Execution id="6b6daeda-afb5-4d73-849b-810e7195d338" />
      <TestMethod codeBase="D:\桌面图标\Web项目\opencode修改版学生管理系统\StudentManager.Tests\bin\Debug\net8.0\StudentManager.Tests.dll" adapterTypeName="executor://xunit/VsTestRunner2/netcoreapp" className="StudentManager.Tests.Controllers.CoursesControllerTests" name="Edit_POST_Admin更新课程并重定向" />
    </UnitTest>
    <UnitTest name="StudentManager.Tests.Controllers.UsersControllerTests.Delete_GET_非Admin返回401" storage="d:\桌面图标\web项目\opencode修改版学生管理系统\studentmanager.tests\bin\debug\net8.0\studentmanager.tests.dll" id="ba242bcd-d512-9ea4-149a-64b099a8e200">
      <Execution id="de214175-3ad9-4903-954c-9a15faf809d4" />
      <TestMethod codeBase="D:\桌面图标\Web项目\opencode修改版学生管理系统\StudentManager.Tests\bin\Debug\net8.0\StudentManager.Tests.dll" adapterTypeName="executor://xunit/VsTestRunner2/netcoreapp" className="StudentManager.Tests.Controllers.UsersControllerTests" name="Delete_GET_非Admin返回401" />
    </UnitTest>
    <UnitTest name="StudentManager.Tests.Controllers.StudentsControllerTests.Create_POST_非Admin返回401" storage="d:\桌面图标\web项目\opencode修改版学生管理系统\studentmanager.tests\bin\debug\net8.0\studentmanager.tests.dll" id="a3e1da34-58bb-4fd3-8fe5-6a9225c02c07">
      <Execution id="61e6acc4-2d2a-4dc7-aeb8-d82c43ca036f" />
      <TestMethod codeBase="D:\桌面图标\Web项目\opencode修改版学生管理系统\StudentManager.Tests\bin\Debug\net8.0\StudentManager.Tests.dll" adapterTypeName="executor://xunit/VsTestRunner2/netcoreapp" className="StudentManager.Tests.Controllers.StudentsControllerTests" name="Create_POST_非Admin返回401" />
    </UnitTest>
    <UnitTest name="StudentManager.Tests.Controllers.CoursesControllerTests.Create_POST_Admin有效数据_添加课程并重定向" storage="d:\桌面图标\web项目\opencode修改版学生管理系统\studentmanager.tests\bin\debug\net8.0\studentmanager.tests.dll" id="2ebffb7c-c5d1-dbff-1aae-91843878277d">
      <Execution id="66a168d7-4846-4aba-b6bb-c058aecb1356" />
      <TestMethod codeBase="D:\桌面图标\Web项目\opencode修改版学生管理系统\StudentManager.Tests\bin\Debug\net8.0\StudentManager.Tests.dll" adapterTypeName="executor://xunit/VsTestRunner2/netcoreapp" className="StudentManager.Tests.Controllers.CoursesControllerTests" name="Create_POST_Admin有效数据_添加课程并重定向" />
    </UnitTest>
    <UnitTest name="StudentManager.Tests.Controllers.AccountControllerTests.MyScores_未登录_重定向到登录" storage="d:\桌面图标\web项目\opencode修改版学生管理系统\studentmanager.tests\bin\debug\net8.0\studentmanager.tests.dll" id="9bc23d6b-3ad0-45f4-bbcc-29c29d52865a">
      <Execution id="cd9c9a45-8513-4fc5-9b45-609c792861e6" />
      <TestMethod codeBase="D:\桌面图标\Web项目\opencode修改版学生管理系统\StudentManager.Tests\bin\Debug\net8.0\StudentManager.Tests.dll" adapterTypeName="executor://xunit/VsTestRunner2/netcoreapp" className="StudentManager.Tests.Controllers.AccountControllerTests" name="MyScores_未登录_重定向到登录" />
    </UnitTest>
    <UnitTest name="StudentManager.Tests.Controllers.AccountControllerTests.Register_GET_返回注册视图" storage="d:\桌面图标\web项目\opencode修改版学生管理系统\studentmanager.tests\bin\debug\net8.0\studentmanager.tests.dll" id="bc6f66a8-714b-806c-d712-b4b702451585">
      <Execution id="c69ddec0-bf14-4415-9279-48739be45b13" />
      <TestMethod codeBase="D:\桌面图标\Web项目\opencode修改版学生管理系统\StudentManager.Tests\bin\Debug\net8.0\StudentManager.Tests.dll" adapterTypeName="executor://xunit/VsTestRunner2/netcoreapp" className="StudentManager.Tests.Controllers.AccountControllerTests" name="Register_GET_返回注册视图" />
    </UnitTest>
    <UnitTest name="StudentManager.Tests.Controllers.UsersControllerTests.Edit_GET_Admin返回用户视图" storage="d:\桌面图标\web项目\opencode修改版学生管理系统\studentmanager.tests\bin\debug\net8.0\studentmanager.tests.dll" id="d8e29201-52cd-87a7-8e72-4c2f2a96546a">
      <Execution id="c4cc172b-6397-4b9a-a175-8dd7ca7f47bc" />
      <TestMethod codeBase="D:\桌面图标\Web项目\opencode修改版学生管理系统\StudentManager.Tests\bin\Debug\net8.0\StudentManager.Tests.dll" adapterTypeName="executor://xunit/VsTestRunner2/netcoreapp" className="StudentManager.Tests.Controllers.UsersControllerTests" name="Edit_GET_Admin返回用户视图" />
    </UnitTest>
    <UnitTest name="StudentManager.Tests.Controllers.UsersControllerTests.Edit_GET_非Admin返回401" storage="d:\桌面图标\web项目\opencode修改版学生管理系统\studentmanager.tests\bin\debug\net8.0\studentmanager.tests.dll" id="eb3b5131-d978-cd5d-4623-4cf6d2f15177">
      <Execution id="a422feff-75f1-475c-bf06-ec717cc3da3b" />
      <TestMethod codeBase="D:\桌面图标\Web项目\opencode修改版学生管理系统\StudentManager.Tests\bin\Debug\net8.0\StudentManager.Tests.dll" adapterTypeName="executor://xunit/VsTestRunner2/netcoreapp" className="StudentManager.Tests.Controllers.UsersControllerTests" name="Edit_GET_非Admin返回401" />
    </UnitTest>
    <UnitTest name="StudentManager.Tests.Controllers.UsersControllerTests.Edit_GET_不存在返回404" storage="d:\桌面图标\web项目\opencode修改版学生管理系统\studentmanager.tests\bin\debug\net8.0\studentmanager.tests.dll" id="cdc58444-ba98-40bf-51c6-4a11074c9c74">
      <Execution id="1f6ec5d4-0df2-4240-937e-136485e3489d" />
      <TestMethod codeBase="D:\桌面图标\Web项目\opencode修改版学生管理系统\StudentManager.Tests\bin\Debug\net8.0\StudentManager.Tests.dll" adapterTypeName="executor://xunit/VsTestRunner2/netcoreapp" className="StudentManager.Tests.Controllers.UsersControllerTests" name="Edit_GET_不存在返回404" />
    </UnitTest>
    <UnitTest name="StudentManager.Tests.Controllers.StudentsControllerTests.Index_按姓名搜索返回过滤结果" storage="d:\桌面图标\web项目\opencode修改版学生管理系统\studentmanager.tests\bin\debug\net8.0\studentmanager.tests.dll" id="46738366-ede6-5a6a-5e3e-ae5890a1d511">
      <Execution id="cb1288fd-f543-49bc-b23b-1767f8f24511" />
      <TestMethod codeBase="D:\桌面图标\Web项目\opencode修改版学生管理系统\StudentManager.Tests\bin\Debug\net8.0\StudentManager.Tests.dll" adapterTypeName="executor://xunit/VsTestRunner2/netcoreapp" className="StudentManager.Tests.Controllers.StudentsControllerTests" name="Index_按姓名搜索返回过滤结果" />
    </UnitTest>
    <UnitTest name="StudentManager.Tests.Controllers.AccountControllerTests.Register_POST_无效模型_返回视图带模型" storage="d:\桌面图标\web项目\opencode修改版学生管理系统\studentmanager.tests\bin\debug\net8.0\studentmanager.tests.dll" id="4a1c5c7e-9be0-bedc-0d50-7e3a8c5aa3f1">
      <Execution id="2b1d00f3-47e9-400c-91d8-cc50541ffd17" />
      <TestMethod codeBase="D:\桌面图标\Web项目\opencode修改版学生管理系统\StudentManager.Tests\bin\Debug\net8.0\StudentManager.Tests.dll" adapterTypeName="executor://xunit/VsTestRunner2/netcoreapp" className="StudentManager.Tests.Controllers.AccountControllerTests" name="Register_POST_无效模型_返回视图带模型" />
    </UnitTest>
    <UnitTest name="StudentManager.Tests.Controllers.StudentsControllerTests.Edit_GET_非Admin返回401" storage="d:\桌面图标\web项目\opencode修改版学生管理系统\studentmanager.tests\bin\debug\net8.0\studentmanager.tests.dll" id="a85ca6f2-90da-0f26-90da-8ba548bba4a0">
      <Execution id="eaf1b935-46a9-4287-8232-d877d0489d8e" />
      <TestMethod codeBase="D:\桌面图标\Web项目\opencode修改版学生管理系统\StudentManager.Tests\bin\Debug\net8.0\StudentManager.Tests.dll" adapterTypeName="executor://xunit/VsTestRunner2/netcoreapp" className="StudentManager.Tests.Controllers.StudentsControllerTests" name="Edit_GET_非Admin返回401" />
    </UnitTest>
    <UnitTest name="StudentManager.Tests.Controllers.AccountControllerTests.Login_POST_无效凭据_返回视图带错误" storage="d:\桌面图标\web项目\opencode修改版学生管理系统\studentmanager.tests\bin\debug\net8.0\studentmanager.tests.dll" id="9656d6a4-a2f9-5209-03ad-af520dab8e70">
      <Execution id="0b9b8626-fdf2-47ca-86ee-5c722c2a9755" />
      <TestMethod codeBase="D:\桌面图标\Web项目\opencode修改版学生管理系统\StudentManager.Tests\bin\Debug\net8.0\StudentManager.Tests.dll" adapterTypeName="executor://xunit/VsTestRunner2/netcoreapp" className="StudentManager.Tests.Controllers.AccountControllerTests" name="Login_POST_无效凭据_返回视图带错误" />
    </UnitTest>
    <UnitTest name="StudentManager.Tests.Controllers.ScoresControllerTests.Edit_GET_不存在返回404" storage="d:\桌面图标\web项目\opencode修改版学生管理系统\studentmanager.tests\bin\debug\net8.0\studentmanager.tests.dll" id="6f2e390b-4364-1387-239e-bd663899a09d">
      <Execution id="ad845fed-050d-4ab9-a9f5-78b7ec98bef5" />
      <TestMethod codeBase="D:\桌面图标\Web项目\opencode修改版学生管理系统\StudentManager.Tests\bin\Debug\net8.0\StudentManager.Tests.dll" adapterTypeName="executor://xunit/VsTestRunner2/netcoreapp" className="StudentManager.Tests.Controllers.ScoresControllerTests" name="Edit_GET_不存在返回404" />
    </UnitTest>
    <UnitTest name="StudentManager.Tests.Controllers.ScoresControllerTests.Index_Admin返回成绩列表含关联数据" storage="d:\桌面图标\web项目\opencode修改版学生管理系统\studentmanager.tests\bin\debug\net8.0\studentmanager.tests.dll" id="e3c1a56f-aa19-9ddd-0abc-87a667819cc0">
      <Execution id="9a3a121c-3c53-4c47-afe3-d4971951de8e" />
      <TestMethod codeBase="D:\桌面图标\Web项目\opencode修改版学生管理系统\StudentManager.Tests\bin\Debug\net8.0\StudentManager.Tests.dll" adapterTypeName="executor://xunit/VsTestRunner2/netcoreapp" className="StudentManager.Tests.Controllers.ScoresControllerTests" name="Index_Admin返回成绩列表含关联数据" />
    </UnitTest>
    <UnitTest name="StudentManager.Tests.Controllers.AccountControllerTests.Login_POST_有效凭据_设置Session并重定向" storage="d:\桌面图标\web项目\opencode修改版学生管理系统\studentmanager.tests\bin\debug\net8.0\studentmanager.tests.dll" id="93500fbc-0860-f482-7630-2c841a30ef92">
      <Execution id="df23b9ac-5cb4-4206-97cb-0e8cde27754a" />
      <TestMethod codeBase="D:\桌面图标\Web项目\opencode修改版学生管理系统\StudentManager.Tests\bin\Debug\net8.0\StudentManager.Tests.dll" adapterTypeName="executor://xunit/VsTestRunner2/netcoreapp" className="StudentManager.Tests.Controllers.AccountControllerTests" name="Login_POST_有效凭据_设置Session并重定向" />
    </UnitTest>
    <UnitTest name="StudentManager.Tests.Controllers.ScoresControllerTests.Index_非Admin返回401" storage="d:\桌面图标\web项目\opencode修改版学生管理系统\studentmanager.tests\bin\debug\net8.0\studentmanager.tests.dll" id="e8670565-83d7-7371-474d-ebc036f3073d">
      <Execution id="8d979ad7-8da9-4aef-9353-d1ee01c38c9a" />
      <TestMethod codeBase="D:\桌面图标\Web项目\opencode修改版学生管理系统\StudentManager.Tests\bin\Debug\net8.0\StudentManager.Tests.dll" adapterTypeName="executor://xunit/VsTestRunner2/netcoreapp" className="StudentManager.Tests.Controllers.ScoresControllerTests" name="Index_非Admin返回401" />
    </UnitTest>
    <UnitTest name="StudentManager.Tests.Controllers.AccountControllerTests.MyScores_已登录无关联学生_返回空列表" storage="d:\桌面图标\web项目\opencode修改版学生管理系统\studentmanager.tests\bin\debug\net8.0\studentmanager.tests.dll" id="2d73f6e4-16ba-bb5b-063a-e3d62d23a0ac">
      <Execution id="d46a4a29-01c2-427c-afd4-f8a7c7539883" />
      <TestMethod codeBase="D:\桌面图标\Web项目\opencode修改版学生管理系统\StudentManager.Tests\bin\Debug\net8.0\StudentManager.Tests.dll" adapterTypeName="executor://xunit/VsTestRunner2/netcoreapp" className="StudentManager.Tests.Controllers.AccountControllerTests" name="MyScores_已登录无关联学生_返回空列表" />
    </UnitTest>
    <UnitTest name="StudentManager.Tests.Controllers.CoursesControllerTests.DeleteConfirmed_删除课程并重定向" storage="d:\桌面图标\web项目\opencode修改版学生管理系统\studentmanager.tests\bin\debug\net8.0\studentmanager.tests.dll" id="de4acdbb-d58d-dd5b-ab83-b9a3e1372794">
      <Execution id="7c42cae5-282f-491f-a6c4-07359acb7988" />
      <TestMethod codeBase="D:\桌面图标\Web项目\opencode修改版学生管理系统\StudentManager.Tests\bin\Debug\net8.0\StudentManager.Tests.dll" adapterTypeName="executor://xunit/VsTestRunner2/netcoreapp" className="StudentManager.Tests.Controllers.CoursesControllerTests" name="DeleteConfirmed_删除课程并重定向" />
    </UnitTest>
    <UnitTest name="StudentManager.Tests.Controllers.StudentsControllerTests.Edit_GET_不存在返回404" storage="d:\桌面图标\web项目\opencode修改版学生管理系统\studentmanager.tests\bin\debug\net8.0\studentmanager.tests.dll" id="ecff2093-722b-dedd-a2a6-8343714ebf68">
      <Execution id="0a4bf30f-3b3e-444f-8a68-fa65e9df92a1" />
      <TestMethod codeBase="D:\桌面图标\Web项目\opencode修改版学生管理系统\StudentManager.Tests\bin\Debug\net8.0\StudentManager.Tests.dll" adapterTypeName="executor://xunit/VsTestRunner2/netcoreapp" className="StudentManager.Tests.Controllers.StudentsControllerTests" name="Edit_GET_不存在返回404" />
    </UnitTest>
    <UnitTest name="StudentManager.Tests.Controllers.CoursesControllerTests.Index_返回课程列表" storage="d:\桌面图标\web项目\opencode修改版学生管理系统\studentmanager.tests\bin\debug\net8.0\studentmanager.tests.dll" id="b91f7451-889e-0492-5396-9511dfa84860">
      <Execution id="cc98f0f8-1bbc-4cf1-a231-f5e51fa91140" />
      <TestMethod codeBase="D:\桌面图标\Web项目\opencode修改版学生管理系统\StudentManager.Tests\bin\Debug\net8.0\StudentManager.Tests.dll" adapterTypeName="executor://xunit/VsTestRunner2/netcoreapp" className="StudentManager.Tests.Controllers.CoursesControllerTests" name="Index_返回课程列表" />
    </UnitTest>
    <UnitTest name="StudentManager.Tests.Controllers.UsersControllerTests.Index_Admin返回用户列表" storage="d:\桌面图标\web项目\opencode修改版学生管理系统\studentmanager.tests\bin\debug\net8.0\studentmanager.tests.dll" id="cb2840b1-112c-e7f6-7305-3745e81e07b1">
      <Execution id="5e7c9a52-5f9f-404a-b814-8cd15827a994" />
      <TestMethod codeBase="D:\桌面图标\Web项目\opencode修改版学生管理系统\StudentManager.Tests\bin\Debug\net8.0\StudentManager.Tests.dll" adapterTypeName="executor://xunit/VsTestRunner2/netcoreapp" className="StudentManager.Tests.Controllers.UsersControllerTests" name="Index_Admin返回用户列表" />
    </UnitTest>
    <UnitTest name="StudentManager.Tests.Controllers.StudentsControllerTests.Delete_GET_Admin返回确认视图" storage="d:\桌面图标\web项目\opencode修改版学生管理系统\studentmanager.tests\bin\debug\net8.0\studentmanager.tests.dll" id="90fc8a96-b9bb-044a-47b1-c5735434cf51">
      <Execution id="1b4f6fa7-6a8a-413f-b8ae-803b3cc56dc5" />
      <TestMethod codeBase="D:\桌面图标\Web项目\opencode修改版学生管理系统\StudentManager.Tests\bin\Debug\net8.0\StudentManager.Tests.dll" adapterTypeName="executor://xunit/VsTestRunner2/netcoreapp" className="StudentManager.Tests.Controllers.StudentsControllerTests" name="Delete_GET_Admin返回确认视图" />
    </UnitTest>
    <UnitTest name="StudentManager.Tests.Controllers.StudentsControllerTests.Create_POST_Admin有效数据_添加学生并重定向" storage="d:\桌面图标\web项目\opencode修改版学生管理系统\studentmanager.tests\bin\debug\net8.0\studentmanager.tests.dll" id="566f16c6-46b6-89c6-dbe0-5891b9d55dce">
      <Execution id="49446e26-3c14-4129-9d54-79788301b18f" />
      <TestMethod codeBase="D:\桌面图标\Web项目\opencode修改版学生管理系统\StudentManager.Tests\bin\Debug\net8.0\StudentManager.Tests.dll" adapterTypeName="executor://xunit/VsTestRunner2/netcoreapp" className="StudentManager.Tests.Controllers.StudentsControllerTests" name="Create_POST_Admin有效数据_添加学生并重定向" />
    </UnitTest>
    <UnitTest name="StudentManager.Tests.Controllers.ScoresControllerTests.Create_POST_非Admin返回401" storage="d:\桌面图标\web项目\opencode修改版学生管理系统\studentmanager.tests\bin\debug\net8.0\studentmanager.tests.dll" id="6a64216c-4706-574e-e2ac-9f5040e1a665">
      <Execution id="8384f0c3-fa37-4e8e-9066-5ea829d04e24" />
      <TestMethod codeBase="D:\桌面图标\Web项目\opencode修改版学生管理系统\StudentManager.Tests\bin\Debug\net8.0\StudentManager.Tests.dll" adapterTypeName="executor://xunit/VsTestRunner2/netcoreapp" className="StudentManager.Tests.Controllers.ScoresControllerTests" name="Create_POST_非Admin返回401" />
    </UnitTest>
    <UnitTest name="StudentManager.Tests.Controllers.StudentsControllerTests.Index_按学号搜索返回过滤结果" storage="d:\桌面图标\web项目\opencode修改版学生管理系统\studentmanager.tests\bin\debug\net8.0\studentmanager.tests.dll" id="dc2734ca-e726-635c-d711-58e3ef10c995">
      <Execution id="93985b46-55a0-4532-9ba8-e3b0b1c9fa98" />
      <TestMethod codeBase="D:\桌面图标\Web项目\opencode修改版学生管理系统\StudentManager.Tests\bin\Debug\net8.0\StudentManager.Tests.dll" adapterTypeName="executor://xunit/VsTestRunner2/netcoreapp" className="StudentManager.Tests.Controllers.StudentsControllerTests" name="Index_按学号搜索返回过滤结果" />
    </UnitTest>
    <UnitTest name="StudentManager.Tests.Controllers.StudentsControllerTests.Create_GET_非Admin返回401" storage="d:\桌面图标\web项目\opencode修改版学生管理系统\studentmanager.tests\bin\debug\net8.0\studentmanager.tests.dll" id="96844eba-6323-9563-cc28-aa3598543367">
      <Execution id="da4b4ecb-dd64-4ec8-9b7e-da000c845105" />
      <TestMethod codeBase="D:\桌面图标\Web项目\opencode修改版学生管理系统\StudentManager.Tests\bin\Debug\net8.0\StudentManager.Tests.dll" adapterTypeName="executor://xunit/VsTestRunner2/netcoreapp" className="StudentManager.Tests.Controllers.StudentsControllerTests" name="Create_GET_非Admin返回401" />
    </UnitTest>
    <UnitTest name="StudentManager.Tests.Controllers.CoursesControllerTests.Create_POST_非Admin返回401" storage="d:\桌面图标\web项目\opencode修改版学生管理系统\studentmanager.tests\bin\debug\net8.0\studentmanager.tests.dll" id="54f9b6a2-b690-20d7-e661-d0ad4aea117b">
      <Execution id="f193456c-2c81-47a1-8eda-6ae5f5a424f1" />
      <TestMethod codeBase="D:\桌面图标\Web项目\opencode修改版学生管理系统\StudentManager.Tests\bin\Debug\net8.0\StudentManager.Tests.dll" adapterTypeName="executor://xunit/VsTestRunner2/netcoreapp" className="StudentManager.Tests.Controllers.CoursesControllerTests" name="Create_POST_非Admin返回401" />
    </UnitTest>
    <UnitTest name="StudentManager.Tests.Controllers.ScoresControllerTests.Create_POST_无效数据_返回视图含错误" storage="d:\桌面图标\web项目\opencode修改版学生管理系统\studentmanager.tests\bin\debug\net8.0\studentmanager.tests.dll" id="519fc266-00d3-c5f8-3cef-94127849bdec">
      <Execution id="9649e17b-9d38-492b-bf66-5e33676242d9" />
      <TestMethod codeBase="D:\桌面图标\Web项目\opencode修改版学生管理系统\StudentManager.Tests\bin\Debug\net8.0\StudentManager.Tests.dll" adapterTypeName="executor://xunit/VsTestRunner2/netcoreapp" className="StudentManager.Tests.Controllers.ScoresControllerTests" name="Create_POST_无效数据_返回视图含错误" />
    </UnitTest>
    <UnitTest name="StudentManager.Tests.Controllers.CoursesControllerTests.Create_GET_Admin返回视图" storage="d:\桌面图标\web项目\opencode修改版学生管理系统\studentmanager.tests\bin\debug\net8.0\studentmanager.tests.dll" id="4415d877-1a97-0fdb-0330-2192c1361659">
      <Execution id="805a9688-43cd-4b96-b461-fc4d3f8a6de7" />
      <TestMethod codeBase="D:\桌面图标\Web项目\opencode修改版学生管理系统\StudentManager.Tests\bin\Debug\net8.0\StudentManager.Tests.dll" adapterTypeName="executor://xunit/VsTestRunner2/netcoreapp" className="StudentManager.Tests.Controllers.CoursesControllerTests" name="Create_GET_Admin返回视图" />
    </UnitTest>
    <UnitTest name="StudentManager.Tests.Controllers.AccountControllerTests.Logout_清除Session并重定向到登录" storage="d:\桌面图标\web项目\opencode修改版学生管理系统\studentmanager.tests\bin\debug\net8.0\studentmanager.tests.dll" id="40ea5336-50af-8d72-f71c-ef069be6ae54">
      <Execution id="e145e691-7d8a-4e84-9f75-01c30297f369" />
      <TestMethod codeBase="D:\桌面图标\Web项目\opencode修改版学生管理系统\StudentManager.Tests\bin\Debug\net8.0\StudentManager.Tests.dll" adapterTypeName="executor://xunit/VsTestRunner2/netcoreapp" className="StudentManager.Tests.Controllers.AccountControllerTests" name="Logout_清除Session并重定向到登录" />
    </UnitTest>
  </TestDefinitions>
  <TestEntries>
    <TestEntry testId="de4acdbb-d58d-dd5b-ab83-b9a3e1372794" executionId="7c42cae5-282f-491f-a6c4-07359acb7988" testListId="8c84fa94-04c1-424b-9868-57a2d4851a1d" />
    <TestEntry testId="63511635-1fe5-7575-4e6a-352d3fb489b6" executionId="ed7361c7-732e-4829-8d61-9551cc7b4ed6" testListId="8c84fa94-04c1-424b-9868-57a2d4851a1d" />
    <TestEntry testId="16edddb2-96ca-800f-b964-e1a7a07644fb" executionId="044b9c0b-38ae-4a84-be33-c193879b21fe" testListId="8c84fa94-04c1-424b-9868-57a2d4851a1d" />
    <TestEntry testId="e9b171e0-4606-8991-19ae-87c159045b47" executionId="41ead67e-a7e1-422c-9363-2860a47047fe" testListId="8c84fa94-04c1-424b-9868-57a2d4851a1d" />
    <TestEntry testId="64ae3802-b4d7-cab8-f203-be5a895c8b3c" executionId="d5a72710-9401-4283-8340-fa435ef556f9" testListId="8c84fa94-04c1-424b-9868-57a2d4851a1d" />
    <TestEntry testId="851b435d-7e77-484d-fe7b-5bfd45879188" executionId="fc06d6f8-f854-482b-aba6-8cd72b534be2" testListId="8c84fa94-04c1-424b-9868-57a2d4851a1d" />
    <TestEntry testId="6f2e390b-4364-1387-239e-bd663899a09d" executionId="ad845fed-050d-4ab9-a9f5-78b7ec98bef5" testListId="8c84fa94-04c1-424b-9868-57a2d4851a1d" />
    <TestEntry testId="b91f7451-889e-0492-5396-9511dfa84860" executionId="cc98f0f8-1bbc-4cf1-a231-f5e51fa91140" testListId="8c84fa94-04c1-424b-9868-57a2d4851a1d" />
    <TestEntry testId="519fc266-00d3-c5f8-3cef-94127849bdec" executionId="9649e17b-9d38-492b-bf66-5e33676242d9" testListId="8c84fa94-04c1-424b-9868-57a2d4851a1d" />
    <TestEntry testId="dc2734ca-e726-635c-d711-58e3ef10c995" executionId="93985b46-55a0-4532-9ba8-e3b0b1c9fa98" testListId="8c84fa94-04c1-424b-9868-57a2d4851a1d" />
    <TestEntry testId="97cf19ba-0caa-a989-531d-da239cda6a37" executionId="31b9b866-866d-46b6-bbb0-1c5e210f4ed2" testListId="8c84fa94-04c1-424b-9868-57a2d4851a1d" />
    <TestEntry testId="ba242bcd-d512-9ea4-149a-64b099a8e200" executionId="de214175-3ad9-4903-954c-9a15faf809d4" testListId="8c84fa94-04c1-424b-9868-57a2d4851a1d" />
    <TestEntry testId="d8e29201-52cd-87a7-8e72-4c2f2a96546a" executionId="c4cc172b-6397-4b9a-a175-8dd7ca7f47bc" testListId="8c84fa94-04c1-424b-9868-57a2d4851a1d" />
    <TestEntry testId="d33155ee-09c3-1507-6258-4b4d6ddcfb88" executionId="9a780ec8-727d-47f9-9f00-8316aa7bc256" testListId="8c84fa94-04c1-424b-9868-57a2d4851a1d" />
    <TestEntry testId="f3ae9093-d485-ed1d-080e-8f4cf083ded4" executionId="40ebae4b-6848-4e26-be49-d6c1bb2eb003" testListId="8c84fa94-04c1-424b-9868-57a2d4851a1d" />
    <TestEntry testId="4415d877-1a97-0fdb-0330-2192c1361659" executionId="805a9688-43cd-4b96-b461-fc4d3f8a6de7" testListId="8c84fa94-04c1-424b-9868-57a2d4851a1d" />
    <TestEntry testId="36fd0824-bce8-42b1-3f21-a6a96c189634" executionId="367d237f-5607-4834-a71b-ac918c0d8c32" testListId="8c84fa94-04c1-424b-9868-57a2d4851a1d" />
    <TestEntry testId="54f9b6a2-b690-20d7-e661-d0ad4aea117b" executionId="f193456c-2c81-47a1-8eda-6ae5f5a424f1" testListId="8c84fa94-04c1-424b-9868-57a2d4851a1d" />
    <TestEntry testId="9b1a3dfc-424a-b9f5-7404-31e6226d6f19" executionId="638a3644-a5ba-4af1-b822-5f406597f7c1" testListId="8c84fa94-04c1-424b-9868-57a2d4851a1d" />
    <TestEntry testId="40ea5336-50af-8d72-f71c-ef069be6ae54" executionId="e145e691-7d8a-4e84-9f75-01c30297f369" testListId="8c84fa94-04c1-424b-9868-57a2d4851a1d" />
    <TestEntry testId="9bc23d6b-3ad0-45f4-bbcc-29c29d52865a" executionId="cd9c9a45-8513-4fc5-9b45-609c792861e6" testListId="8c84fa94-04c1-424b-9868-57a2d4851a1d" />
    <TestEntry testId="90fc8a96-b9bb-044a-47b1-c5735434cf51" executionId="1b4f6fa7-6a8a-413f-b8ae-803b3cc56dc5" testListId="8c84fa94-04c1-424b-9868-57a2d4851a1d" />
    <TestEntry testId="cd364b16-d183-d920-af22-1f034c55745a" executionId="affc2ea6-196b-4986-b946-236208686720" testListId="8c84fa94-04c1-424b-9868-57a2d4851a1d" />
    <TestEntry testId="2d73f6e4-16ba-bb5b-063a-e3d62d23a0ac" executionId="d46a4a29-01c2-427c-afd4-f8a7c7539883" testListId="8c84fa94-04c1-424b-9868-57a2d4851a1d" />
    <TestEntry testId="e8670565-83d7-7371-474d-ebc036f3073d" executionId="8d979ad7-8da9-4aef-9353-d1ee01c38c9a" testListId="8c84fa94-04c1-424b-9868-57a2d4851a1d" />
    <TestEntry testId="309d8402-6382-b5ab-3f40-cfa2f8a3f2c0" executionId="c5bc040b-86da-4cd1-9a00-45121228fcaa" testListId="8c84fa94-04c1-424b-9868-57a2d4851a1d" />
    <TestEntry testId="8a7487a2-1286-359e-58ad-307885b6822c" executionId="d70d9b14-92b5-478b-b232-2045c962c3b5" testListId="8c84fa94-04c1-424b-9868-57a2d4851a1d" />
    <TestEntry testId="bc6f66a8-714b-806c-d712-b4b702451585" executionId="c69ddec0-bf14-4415-9279-48739be45b13" testListId="8c84fa94-04c1-424b-9868-57a2d4851a1d" />
    <TestEntry testId="cb2840b1-112c-e7f6-7305-3745e81e07b1" executionId="5e7c9a52-5f9f-404a-b814-8cd15827a994" testListId="8c84fa94-04c1-424b-9868-57a2d4851a1d" />
    <TestEntry testId="afa5c91a-4022-b130-2733-0fe7ae6c4675" executionId="fb3a4306-043e-469c-a1bc-6be37c5920c5" testListId="8c84fa94-04c1-424b-9868-57a2d4851a1d" />
    <TestEntry testId="388ea4ba-a600-ceba-1dff-ec6b5734f9b4" executionId="f1e98470-ffc1-45c8-bbe6-b0fa2a057ddb" testListId="8c84fa94-04c1-424b-9868-57a2d4851a1d" />
    <TestEntry testId="566f16c6-46b6-89c6-dbe0-5891b9d55dce" executionId="49446e26-3c14-4129-9d54-79788301b18f" testListId="8c84fa94-04c1-424b-9868-57a2d4851a1d" />
    <TestEntry testId="4a1c5c7e-9be0-bedc-0d50-7e3a8c5aa3f1" executionId="2b1d00f3-47e9-400c-91d8-cc50541ffd17" testListId="8c84fa94-04c1-424b-9868-57a2d4851a1d" />
    <TestEntry testId="e70a3dcc-49b6-1d8b-a099-5d9b7d560f1f" executionId="e8a388db-f88e-49b5-84cf-52579ff9b5ef" testListId="8c84fa94-04c1-424b-9868-57a2d4851a1d" />
    <TestEntry testId="d1a9056b-5e0b-cfc2-be3f-065b1e416715" executionId="6b6daeda-afb5-4d73-849b-810e7195d338" testListId="8c84fa94-04c1-424b-9868-57a2d4851a1d" />
    <TestEntry testId="593b9587-8f8e-9243-c397-da04857d66fb" executionId="0ce5a6c6-c892-45c6-ae34-6883339cd609" testListId="8c84fa94-04c1-424b-9868-57a2d4851a1d" />
    <TestEntry testId="8a951655-8288-0577-8e3f-4e981e236ad5" executionId="36e3fba7-2fad-47d8-8ee0-92a2644677fc" testListId="8c84fa94-04c1-424b-9868-57a2d4851a1d" />
    <TestEntry testId="92d39f12-ddad-4e2f-d9b9-db017f3fddaf" executionId="7ee6cc6c-77bd-4b82-bb5b-5412ba3e4780" testListId="8c84fa94-04c1-424b-9868-57a2d4851a1d" />
    <TestEntry testId="a3e1da34-58bb-4fd3-8fe5-6a9225c02c07" executionId="61e6acc4-2d2a-4dc7-aeb8-d82c43ca036f" testListId="8c84fa94-04c1-424b-9868-57a2d4851a1d" />
    <TestEntry testId="9656d6a4-a2f9-5209-03ad-af520dab8e70" executionId="0b9b8626-fdf2-47ca-86ee-5c722c2a9755" testListId="8c84fa94-04c1-424b-9868-57a2d4851a1d" />
    <TestEntry testId="2ebffb7c-c5d1-dbff-1aae-91843878277d" executionId="66a168d7-4846-4aba-b6bb-c058aecb1356" testListId="8c84fa94-04c1-424b-9868-57a2d4851a1d" />
    <TestEntry testId="41f06131-0bf5-f7c4-a623-6466189985bc" executionId="26c5308f-13c3-4719-b16c-39870d36a1c3" testListId="8c84fa94-04c1-424b-9868-57a2d4851a1d" />
    <TestEntry testId="e3c1a56f-aa19-9ddd-0abc-87a667819cc0" executionId="9a3a121c-3c53-4c47-afe3-d4971951de8e" testListId="8c84fa94-04c1-424b-9868-57a2d4851a1d" />
    <TestEntry testId="c6025d9e-ee5e-8f2e-1703-31f5a34fd648" executionId="87d2ba19-1b25-42ff-9d69-bb267d5bf065" testListId="8c84fa94-04c1-424b-9868-57a2d4851a1d" />
    <TestEntry testId="46738366-ede6-5a6a-5e3e-ae5890a1d511" executionId="cb1288fd-f543-49bc-b23b-1767f8f24511" testListId="8c84fa94-04c1-424b-9868-57a2d4851a1d" />
    <TestEntry testId="680f3b2a-4d68-0e9f-bc97-7241f42184fd" executionId="a45b5a2c-a180-4960-983e-48f38966cfe1" testListId="8c84fa94-04c1-424b-9868-57a2d4851a1d" />
    <TestEntry testId="286e935f-9823-f603-999d-3dae472b3005" executionId="8f7ed153-85dc-4322-97fd-229c581c64ba" testListId="8c84fa94-04c1-424b-9868-57a2d4851a1d" />
    <TestEntry testId="ecff2093-722b-dedd-a2a6-8343714ebf68" executionId="0a4bf30f-3b3e-444f-8a68-fa65e9df92a1" testListId="8c84fa94-04c1-424b-9868-57a2d4851a1d" />
    <TestEntry testId="cdd80f16-4513-0e70-a9c8-339b27e8137f" executionId="fe33191b-b01e-457a-835a-87c81659ecad" testListId="8c84fa94-04c1-424b-9868-57a2d4851a1d" />
    <TestEntry testId="80a52636-259d-104f-775a-1b2757e37677" executionId="72d48d05-ea62-41a5-adfc-19b6d4f3435f" testListId="8c84fa94-04c1-424b-9868-57a2d4851a1d" />
    <TestEntry testId="6a64216c-4706-574e-e2ac-9f5040e1a665" executionId="8384f0c3-fa37-4e8e-9066-5ea829d04e24" testListId="8c84fa94-04c1-424b-9868-57a2d4851a1d" />
    <TestEntry testId="eb3b5131-d978-cd5d-4623-4cf6d2f15177" executionId="a422feff-75f1-475c-bf06-ec717cc3da3b" testListId="8c84fa94-04c1-424b-9868-57a2d4851a1d" />
    <TestEntry testId="96844eba-6323-9563-cc28-aa3598543367" executionId="da4b4ecb-dd64-4ec8-9b7e-da000c845105" testListId="8c84fa94-04c1-424b-9868-57a2d4851a1d" />
    <TestEntry testId="cdc58444-ba98-40bf-51c6-4a11074c9c74" executionId="1f6ec5d4-0df2-4240-937e-136485e3489d" testListId="8c84fa94-04c1-424b-9868-57a2d4851a1d" />
    <TestEntry testId="a85ca6f2-90da-0f26-90da-8ba548bba4a0" executionId="eaf1b935-46a9-4287-8232-d877d0489d8e" testListId="8c84fa94-04c1-424b-9868-57a2d4851a1d" />
    <TestEntry testId="93500fbc-0860-f482-7630-2c841a30ef92" executionId="df23b9ac-5cb4-4206-97cb-0e8cde27754a" testListId="8c84fa94-04c1-424b-9868-57a2d4851a1d" />
  </TestEntries>
  <TestLists>
    <TestList name="列表中未列出的结果" id="8c84fa94-04c1-424b-9868-57a2d4851a1d" />
    <TestList name="所有已加载的结果" id="19431567-8539-422a-85d7-44ee4e166bda" />
  </TestLists>
  <ResultSummary outcome="Completed">
    <Counters total="56" executed="56" passed="56" failed="0" error="0" timeout="0" aborted="0" inconclusive="0" passedButRunAborted="0" notRunnable="0" notExecuted="0" disconnected="0" warning="0" completed="0" inProgress="0" pending="0" />
    <Output>
      <StdOut>[xUnit.net 00:00:00.00] xUnit.net VSTest Adapter v2.5.3.1+6b60a9e56a (64-bit .NET 8.0.28)&#xD;
[xUnit.net 00:00:00.04]   Discovering: StudentManager.Tests&#xD;
[xUnit.net 00:00:00.06]   Discovered:  StudentManager.Tests&#xD;
[xUnit.net 00:00:00.06]   Starting:    StudentManager.Tests&#xD;
[xUnit.net 00:00:00.50]   Finished:    StudentManager.Tests&#xD;
</StdOut>
    </Output>
  </ResultSummary>
</TestRun>